2016-11-06T08:33:46.173Z - info: [0mGET / [32m200 [0m72.649 ms - -[0m

2016-11-06T08:33:46.193Z - info: [0mGET /lib/bootstrap/dist/css/bootstrap-theme.css [32m200 [0m4.816 ms - -[0m

2016-11-06T08:33:46.199Z - info: [0mGET /lib/ng-img-crop/compile/unminified/ng-img-crop.css [32m200 [0m1.873 ms - 399[0m

2016-11-06T08:33:46.204Z - info: [0mGET /lib/angular-ui-notification/dist/angular-ui-notification.css [32m200 [0m1.177 ms - -[0m

2016-11-06T08:33:46.206Z - info: [0mGET /lib/bootstrap/dist/css/bootstrap.css [32m200 [0m5.578 ms - -[0m

2016-11-06T08:33:46.210Z - info: [0mGET /modules/chat/client/css/chat.css [32m200 [0m4.392 ms - 252[0m

2016-11-06T08:33:46.212Z - info: [0mGET /modules/core/client/css/core.css [32m200 [0m3.578 ms - 715[0m

2016-11-06T08:33:46.215Z - info: [0mGET /modules/users/client/css/users.css [32m200 [0m3.642 ms - 580[0m

2016-11-06T08:33:46.347Z - info: [0mGET /lib/angular-animate/angular-animate.js [32m200 [0m0.740 ms - -[0m

2016-11-06T08:33:46.361Z - info: [0mGET /lib/angular-bootstrap/ui-bootstrap-tpls.js [32m200 [0m0.503 ms - -[0m

2016-11-06T08:33:46.369Z - info: [0mGET /lib/ng-file-upload/ng-file-upload.js [32m200 [0m2.165 ms - -[0m

2016-11-06T08:33:46.376Z - info: [0mGET /lib/ng-img-crop/compile/unminified/ng-img-crop.js [32m200 [0m0.769 ms - -[0m

2016-11-06T08:33:46.381Z - info: [0mGET /lib/angular-messages/angular-messages.js [32m200 [0m0.612 ms - -[0m

2016-11-06T08:33:46.387Z - info: [0mGET /lib/angular-resource/angular-resource.js [32m200 [0m0.948 ms - -[0m

2016-11-06T08:33:46.391Z - info: [0mGET /lib/angular-ui-notification/dist/angular-ui-notification.js [32m200 [0m1.080 ms - -[0m

2016-11-06T08:33:46.398Z - info: [0mGET /lib/angular-mocks/angular-mocks.js [32m200 [0m3.927 ms - -[0m

2016-11-06T08:33:46.405Z - info: [0mGET /lib/owasp-password-strength-test/owasp-password-strength-test.js [32m200 [0m2.216 ms - -[0m

2016-11-06T08:33:46.409Z - info: [0mGET /modules/core/client/app/config.js [32m200 [0m2.240 ms - -[0m

2016-11-06T08:33:46.413Z - info: [0mGET /modules/core/client/app/init.js [32m200 [0m1.291 ms - -[0m

2016-11-06T08:33:46.415Z - info: [0mGET /lib/angular-ui-router/release/angular-ui-router.js [32m200 [0m0.777 ms - -[0m

2016-11-06T08:33:46.417Z - info: [0mGET /modules/articles/client/articles.client.module.js [32m200 [0m2.009 ms - 471[0m

2016-11-06T08:33:46.421Z - info: [0mGET /modules/chat/client/chat.client.module.js [32m200 [0m2.077 ms - 172[0m

2016-11-06T08:33:46.422Z - info: [0mGET /modules/core/client/core.client.module.js [32m200 [0m2.813 ms - 251[0m

2016-11-06T08:33:46.426Z - info: [0mGET /modules/users/client/users.client.module.js [32m200 [0m1.354 ms - 385[0m

2016-11-06T08:33:46.428Z - info: [0mGET /modules/articles/client/config/articles-admin.client.config.js [32m200 [0m1.958 ms - 344[0m

2016-11-06T08:33:46.436Z - info: [0mGET /modules/articles/client/config/articles.client.menus.js [32m200 [0m3.286 ms - 495[0m

2016-11-06T08:33:46.438Z - info: [0mGET /modules/articles/client/config/articles-admin.client.routes.js [32m200 [0m1.576 ms - -[0m

2016-11-06T08:33:46.443Z - info: [0mGET /modules/articles/client/config/articles.client.routes.js [32m200 [0m4.519 ms - -[0m

2016-11-06T08:33:46.446Z - info: [0mGET /modules/articles/client/controllers/admin/article.client.controller.js [32m200 [0m1.726 ms - -[0m

2016-11-06T08:33:46.450Z - info: [0mGET /modules/articles/client/controllers/admin/list-articles.client.controller.js [32m200 [0m4.602 ms - 346[0m

2016-11-06T08:33:46.454Z - info: [0mGET /modules/articles/client/controllers/articles.client.controller.js [32m200 [0m6.264 ms - 368[0m

2016-11-06T08:33:46.459Z - info: [0mGET /modules/articles/client/controllers/list-articles.client.controller.js [32m200 [0m3.102 ms - 317[0m

2016-11-06T08:33:46.463Z - info: [0mGET /modules/articles/client/services/articles.client.service.js [32m200 [0m5.518 ms - -[0m

2016-11-06T08:33:46.464Z - info: [0mGET /modules/chat/client/config/chat.client.menus.js [32m200 [0m3.924 ms - 292[0m

2016-11-06T08:33:46.468Z - info: [0mGET /modules/chat/client/config/chat.client.routes.js [32m200 [0m3.222 ms - 495[0m

2016-11-06T08:33:46.471Z - info: [0mGET /modules/chat/client/controllers/chat.client.controller.js [32m200 [0m3.790 ms - -[0m

2016-11-06T08:33:46.473Z - info: [0mGET /modules/core/client/config/core-admin.client.menus.js [32m200 [0m3.361 ms - 318[0m

2016-11-06T08:33:46.476Z - info: [0mGET /modules/core/client/config/core-admin.client.routes.js [32m200 [0m2.856 ms - 383[0m

2016-11-06T08:33:46.478Z - info: [0mGET /modules/core/client/config/core.client.menus.js [32m200 [0m2.537 ms - 905[0m

2016-11-06T08:33:46.482Z - info: [0mGET /modules/core/client/config/core.client.route-filter.js [32m200 [0m3.079 ms - -[0m

2016-11-06T08:33:46.484Z - info: [0mGET /modules/core/client/config/core.client.routes.js [32m200 [0m1.792 ms - -[0m

2016-11-06T08:33:46.491Z - info: [0mGET /modules/core/client/controllers/error.client.controller.js [32m200 [0m6.598 ms - 379[0m

2016-11-06T08:33:46.494Z - info: [0mGET /modules/core/client/directives/page-title.client.directive.js [32m200 [0m5.926 ms - 841[0m

2016-11-06T08:33:46.498Z - info: [0mGET /modules/core/client/controllers/header.client.controller.js [32m200 [0m8.157 ms - 662[0m

2016-11-06T08:33:46.500Z - info: [0mGET /modules/core/client/controllers/home.client.controller.js [32m200 [0m9.950 ms - 173[0m

2016-11-06T08:33:46.503Z - info: [0mGET /modules/core/client/directives/auto-focus.client.directive.js [32m200 [0m12.483 ms - 594[0m

2016-11-06T08:33:46.508Z - info: [0mGET /modules/users/client/config/users-admin.client.menus.js [32m200 [0m2.141 ms - 330[0m

2016-11-06T08:33:46.509Z - info: [0mGET /modules/core/client/services/interceptors/auth-interceptor.client.service.js [32m200 [0m11.249 ms - -[0m

2016-11-06T08:33:46.510Z - info: [0mGET /modules/core/client/directives/show-errors.client.directive.js [32m200 [0m11.518 ms - -[0m

2016-11-06T08:33:46.515Z - info: [0mGET /modules/core/client/services/menu.client.service.js [32m200 [0m2.626 ms - -[0m

2016-11-06T08:33:46.517Z - info: [0mGET /modules/core/client/services/socket.io.client.service.js [32m200 [0m2.565 ms - -[0m

2016-11-06T08:33:46.525Z - info: [0mGET /modules/users/client/config/users-admin.client.routes.js [32m200 [0m9.582 ms - -[0m

2016-11-06T08:33:46.526Z - info: [0mGET /modules/users/client/config/users.client.routes.js [32m200 [0m9.152 ms - -[0m

2016-11-06T08:33:46.527Z - info: [0mGET /modules/users/client/controllers/admin/list-users.client.controller.js [32m200 [0m9.031 ms - -[0m

2016-11-06T08:33:46.531Z - info: [0mGET /modules/users/client/controllers/admin/user.client.controller.js [32m200 [0m3.771 ms - -[0m

2016-11-06T08:33:46.533Z - info: [0mGET /modules/users/client/controllers/authentication.client.controller.js [32m200 [0m6.320 ms - -[0m

2016-11-06T08:33:46.535Z - info: [0mGET /lib/angular/angular.js [32m200 [0m0.688 ms - -[0m

2016-11-06T08:33:46.542Z - info: [0mGET /modules/users/client/controllers/password.client.controller.js [32m200 [0m10.654 ms - -[0m

2016-11-06T08:33:46.543Z - info: [0mGET /modules/users/client/controllers/settings/change-password.client.controller.js [32m200 [0m10.951 ms - -[0m

2016-11-06T08:33:46.545Z - info: [0mGET /modules/users/client/controllers/settings/change-profile-picture.client.controller.js [32m200 [0m11.018 ms - -[0m

2016-11-06T08:33:46.547Z - info: [0mGET /modules/users/client/controllers/settings/settings.client.controller.js [32m200 [0m7.742 ms - 306[0m

2016-11-06T08:33:46.549Z - info: [0mGET /modules/users/client/controllers/settings/edit-profile.client.controller.js [32m200 [0m5.396 ms - -[0m

2016-11-06T08:33:46.554Z - info: [0mGET /modules/users/client/controllers/settings/manage-social-accounts.client.controller.js [32m200 [0m7.632 ms - -[0m

2016-11-06T08:33:46.560Z - info: [0mGET /modules/users/client/directives/password-verify.client.directive.js [32m200 [0m9.645 ms - 821[0m

2016-11-06T08:33:46.563Z - info: [0mGET /modules/users/client/directives/users.client.directive.js [32m200 [0m9.872 ms - 507[0m

2016-11-06T08:33:46.565Z - info: [0mGET /modules/users/client/services/authentication.client.service.js [32m200 [0m11.498 ms - 324[0m

2016-11-06T08:33:46.567Z - info: [0mGET /modules/users/client/services/password-validator.client.service.js [32m200 [0m13.629 ms - 859[0m

2016-11-06T08:33:46.570Z - info: [0mGET /modules/users/client/directives/password-validator.client.directive.js [32m200 [0m11.710 ms - -[0m

2016-11-06T08:33:46.572Z - info: [0mGET /modules/users/client/services/users.client.service.js [32m200 [0m13.300 ms - -[0m

2016-11-06T08:33:46.717Z - info: [0mGET /modules/core/client/views/header.client.view.html [32m200 [0m1.284 ms - -[0m

2016-11-06T08:33:46.719Z - info: [0mGET /modules/core/client/views/home.client.view.html [32m200 [0m1.277 ms - -[0m

2016-11-06T08:33:46.801Z - info: [0mGET /modules/core/client/img/brand/logo.png [32m200 [0m0.578 ms - 14055[0m

2016-11-06T08:33:46.901Z - info: [0mGET /modules/core/client/img/brand/favicon.ico [32m200 [0m0.960 ms - 32038[0m

2016-11-06T08:34:33.379Z - info: [0mGET / [36m304 [0m55.178 ms - -[0m

2016-11-06T08:34:37.365Z - info: [0mGET /lib/bootstrap/dist/css/bootstrap.css [36m304 [0m2.744 ms - -[0m

2016-11-06T08:34:37.366Z - info: [0mGET /lib/bootstrap/dist/css/bootstrap-theme.css [36m304 [0m3.289 ms - -[0m

2016-11-06T08:34:37.367Z - info: [0mGET /lib/ng-img-crop/compile/unminified/ng-img-crop.css [36m304 [0m4.001 ms - -[0m

2016-11-06T08:34:37.371Z - info: [0mGET /lib/angular-ui-notification/dist/angular-ui-notification.css [36m304 [0m2.704 ms - -[0m

2016-11-06T08:34:37.373Z - info: [0mGET /modules/chat/client/css/chat.css [36m304 [0m4.094 ms - -[0m

2016-11-06T08:34:37.374Z - info: [0mGET /modules/core/client/css/core.css [36m304 [0m4.546 ms - -[0m

2016-11-06T08:34:37.375Z - info: [0mGET /modules/users/client/css/users.css [36m304 [0m4.396 ms - -[0m

2016-11-06T08:34:37.375Z - info: [0mGET /lib/angular/angular.js [36m304 [0m2.925 ms - -[0m

2016-11-06T08:34:37.383Z - info: [0mGET /lib/angular-animate/angular-animate.js [36m304 [0m0.467 ms - -[0m

2016-11-06T08:34:37.390Z - info: [0mGET /lib/angular-bootstrap/ui-bootstrap-tpls.js [36m304 [0m2.159 ms - -[0m

2016-11-06T08:34:37.391Z - info: [0mGET /lib/ng-file-upload/ng-file-upload.js [36m304 [0m2.561 ms - -[0m

2016-11-06T08:34:37.392Z - info: [0mGET /lib/ng-img-crop/compile/unminified/ng-img-crop.js [36m304 [0m2.451 ms - -[0m

2016-11-06T08:34:37.393Z - info: [0mGET /lib/angular-messages/angular-messages.js [36m304 [0m3.402 ms - -[0m

2016-11-06T08:34:37.394Z - info: [0mGET /lib/angular-mocks/angular-mocks.js [36m304 [0m1.261 ms - -[0m

2016-11-06T08:34:37.394Z - info: [0mGET /lib/angular-resource/angular-resource.js [36m304 [0m1.613 ms - -[0m

2016-11-06T08:34:37.400Z - info: [0mGET /lib/angular-ui-notification/dist/angular-ui-notification.js [36m304 [0m1.638 ms - -[0m

2016-11-06T08:34:37.402Z - info: [0mGET /lib/angular-ui-router/release/angular-ui-router.js [36m304 [0m0.374 ms - -[0m

2016-11-06T08:34:37.883Z - info: [0mGET /lib/owasp-password-strength-test/owasp-password-strength-test.js [36m304 [0m16.551 ms - -[0m

2016-11-06T08:34:37.998Z - info: [0mGET /modules/core/client/app/config.js [36m304 [0m0.894 ms - -[0m

2016-11-06T08:34:38.001Z - info: [0mGET /modules/core/client/app/init.js [36m304 [0m1.529 ms - -[0m

2016-11-06T08:34:38.003Z - info: [0mGET /modules/articles/client/articles.client.module.js [36m304 [0m2.712 ms - -[0m

2016-11-06T08:34:38.005Z - info: [0mGET /modules/chat/client/chat.client.module.js [36m304 [0m3.657 ms - -[0m

2016-11-06T08:34:38.006Z - info: [0mGET /modules/core/client/core.client.module.js [36m304 [0m1.933 ms - -[0m

2016-11-06T08:34:38.011Z - info: [0mGET /modules/users/client/users.client.module.js [36m304 [0m0.563 ms - -[0m

2016-11-06T08:34:38.015Z - info: [0mGET /modules/articles/client/config/articles-admin.client.config.js [36m304 [0m1.022 ms - -[0m

2016-11-06T08:34:38.016Z - info: [0mGET /modules/articles/client/config/articles-admin.client.routes.js [36m304 [0m1.757 ms - -[0m

2016-11-06T08:34:38.018Z - info: [0mGET /modules/articles/client/config/articles.client.menus.js [36m304 [0m1.702 ms - -[0m

2016-11-06T08:34:38.019Z - info: [0mGET /modules/articles/client/config/articles.client.routes.js [36m304 [0m1.301 ms - -[0m

2016-11-06T08:34:38.021Z - info: [0mGET /modules/articles/client/controllers/admin/article.client.controller.js [36m304 [0m0.923 ms - -[0m

2016-11-06T08:34:38.025Z - info: [0mGET /modules/articles/client/controllers/admin/list-articles.client.controller.js [36m304 [0m0.606 ms - -[0m

2016-11-06T08:34:38.030Z - info: [0mGET /modules/articles/client/controllers/articles.client.controller.js [36m304 [0m2.957 ms - -[0m

2016-11-06T08:34:38.031Z - info: [0mGET /modules/articles/client/controllers/list-articles.client.controller.js [36m304 [0m2.897 ms - -[0m

2016-11-06T08:34:38.032Z - info: [0mGET /modules/articles/client/services/articles.client.service.js [36m304 [0m2.519 ms - -[0m

2016-11-06T08:34:38.032Z - info: [0mGET /modules/chat/client/config/chat.client.menus.js [36m304 [0m2.729 ms - -[0m

2016-11-06T08:34:38.034Z - info: [0mGET /modules/chat/client/config/chat.client.routes.js [36m304 [0m0.897 ms - -[0m

2016-11-06T08:34:38.120Z - info: [0mGET /modules/chat/client/controllers/chat.client.controller.js [36m304 [0m16.228 ms - -[0m

2016-11-06T08:34:38.121Z - info: [0mGET /modules/core/client/config/core-admin.client.menus.js [36m304 [0m80.170 ms - -[0m

2016-11-06T08:34:38.122Z - info: [0mGET /modules/core/client/config/core-admin.client.routes.js [36m304 [0m80.672 ms - -[0m

2016-11-06T08:34:38.144Z - info: [0mGET /modules/core/client/config/core.client.menus.js [36m304 [0m1.739 ms - -[0m

2016-11-06T08:34:38.146Z - info: [0mGET /modules/core/client/config/core.client.route-filter.js [36m304 [0m4.181 ms - -[0m

2016-11-06T08:34:38.510Z - info: [0mGET /modules/core/client/config/core.client.routes.js [36m304 [0m31.337 ms - -[0m

2016-11-06T08:34:38.515Z - info: [0mGET /modules/core/client/controllers/error.client.controller.js [36m304 [0m0.755 ms - -[0m

2016-11-06T08:34:38.989Z - info: [0mGET /modules/core/client/controllers/header.client.controller.js [36m304 [0m10.580 ms - -[0m

2016-11-06T08:34:39.349Z - info: [0mGET /modules/core/client/controllers/home.client.controller.js [36m304 [0m2.143 ms - -[0m

2016-11-06T08:34:39.353Z - info: [0mGET /modules/core/client/directives/auto-focus.client.directive.js [36m304 [0m0.468 ms - -[0m

2016-11-06T08:34:39.358Z - info: [0mGET /modules/core/client/directives/page-title.client.directive.js [36m304 [0m1.105 ms - -[0m

2016-11-06T08:34:39.359Z - info: [0mGET /modules/core/client/directives/show-errors.client.directive.js [36m304 [0m1.909 ms - -[0m

2016-11-06T08:34:39.359Z - info: [0mGET /modules/core/client/services/interceptors/auth-interceptor.client.service.js [36m304 [0m2.302 ms - -[0m

2016-11-06T08:34:39.360Z - info: [0mGET /modules/core/client/services/menu.client.service.js [36m304 [0m0.447 ms - -[0m

2016-11-06T08:34:39.371Z - info: [0mGET /modules/core/client/services/socket.io.client.service.js [36m304 [0m1.653 ms - -[0m

2016-11-06T08:34:39.374Z - info: [0mGET /modules/users/client/config/users-admin.client.menus.js [36m304 [0m1.556 ms - -[0m

2016-11-06T08:34:39.375Z - info: [0mGET /modules/users/client/config/users-admin.client.routes.js [36m304 [0m2.449 ms - -[0m

2016-11-06T08:34:39.377Z - info: [0mGET /modules/users/client/config/users.client.routes.js [36m304 [0m3.605 ms - -[0m

2016-11-06T08:34:39.380Z - info: [0mGET /modules/users/client/controllers/admin/list-users.client.controller.js [36m304 [0m3.991 ms - -[0m

2016-11-06T08:34:39.391Z - info: [0mGET /modules/users/client/controllers/admin/user.client.controller.js [36m304 [0m14.552 ms - -[0m

2016-11-06T08:34:39.394Z - info: [0mGET /modules/users/client/controllers/authentication.client.controller.js [36m304 [0m13.591 ms - -[0m

2016-11-06T08:34:39.396Z - info: [0mGET /modules/users/client/controllers/password.client.controller.js [36m304 [0m15.680 ms - -[0m

2016-11-06T08:34:39.400Z - info: [0mGET /modules/users/client/controllers/settings/change-password.client.controller.js [36m304 [0m9.210 ms - -[0m

2016-11-06T08:34:39.482Z - info: [0mGET /modules/users/client/controllers/settings/change-profile-picture.client.controller.js [36m304 [0m86.313 ms - -[0m

2016-11-06T08:34:39.484Z - info: [0mGET /modules/users/client/controllers/settings/edit-profile.client.controller.js [36m304 [0m86.429 ms - -[0m

2016-11-06T08:34:39.486Z - info: [0mGET /modules/users/client/controllers/settings/manage-social-accounts.client.controller.js [36m304 [0m11.113 ms - -[0m

2016-11-06T08:34:39.488Z - info: [0mGET /modules/users/client/controllers/settings/settings.client.controller.js [36m304 [0m10.166 ms - -[0m

2016-11-06T08:34:39.489Z - info: [0mGET /modules/users/client/directives/password-validator.client.directive.js [36m304 [0m12.345 ms - -[0m

2016-11-06T08:34:39.492Z - info: [0mGET /modules/users/client/directives/password-verify.client.directive.js [36m304 [0m5.845 ms - -[0m

2016-11-06T08:34:39.493Z - info: [0mGET /modules/users/client/directives/users.client.directive.js [36m304 [0m7.252 ms - -[0m

2016-11-06T08:34:39.643Z - info: [0mGET /modules/users/client/services/authentication.client.service.js [36m304 [0m3.522 ms - -[0m

2016-11-06T08:34:39.644Z - info: [0mGET /modules/users/client/services/password-validator.client.service.js [36m304 [0m153.012 ms - -[0m

2016-11-06T08:34:39.706Z - info: [0mGET /modules/users/client/services/users.client.service.js [36m304 [0m154.624 ms - -[0m

2016-11-06T08:38:05.604Z - info: [0mGET / [36m304 [0m74.093 ms - -[0m

2016-11-06T08:38:05.619Z - info: [0mGET /modules/chat/client/css/chat.css [36m304 [0m2.302 ms - -[0m

2016-11-06T08:38:05.622Z - info: [0mGET /modules/core/client/css/core.css [36m304 [0m1.115 ms - -[0m

2016-11-06T08:38:05.625Z - info: [0mGET /modules/users/client/css/users.css [36m304 [0m1.255 ms - -[0m

2016-11-06T08:38:05.658Z - info: [0mGET /modules/core/client/app/config.js [36m304 [0m3.522 ms - -[0m

2016-11-06T08:38:05.658Z - info: [0mGET /modules/core/client/app/init.js [36m304 [0m3.552 ms - -[0m

2016-11-06T08:38:05.659Z - info: [0mGET /modules/articles/client/articles.client.module.js [36m304 [0m3.281 ms - -[0m

2016-11-06T08:38:05.659Z - info: [0mGET /modules/chat/client/chat.client.module.js [36m304 [0m3.301 ms - -[0m

2016-11-06T08:38:05.660Z - info: [0mGET /modules/core/client/core.client.module.js [36m304 [0m3.263 ms - -[0m

2016-11-06T08:38:05.660Z - info: [0mGET /modules/users/client/users.client.module.js [36m304 [0m3.422 ms - -[0m

2016-11-06T08:38:05.664Z - info: [0mGET /modules/articles/client/config/articles-admin.client.config.js [36m304 [0m1.657 ms - -[0m

2016-11-06T08:38:05.665Z - info: [0mGET /modules/articles/client/config/articles-admin.client.routes.js [36m304 [0m2.348 ms - -[0m

2016-11-06T08:38:05.667Z - info: [0mGET /modules/articles/client/config/articles.client.menus.js [36m304 [0m2.816 ms - -[0m

2016-11-06T08:38:05.671Z - info: [0mGET /modules/articles/client/config/articles.client.routes.js [36m304 [0m4.698 ms - -[0m

2016-11-06T08:38:05.672Z - info: [0mGET /modules/articles/client/controllers/admin/article.client.controller.js [36m304 [0m4.854 ms - -[0m

2016-11-06T08:38:05.673Z - info: [0mGET /modules/articles/client/controllers/admin/list-articles.client.controller.js [36m304 [0m4.842 ms - -[0m

2016-11-06T08:38:05.673Z - info: [0mGET /modules/articles/client/controllers/articles.client.controller.js [36m304 [0m4.833 ms - -[0m

2016-11-06T08:38:05.674Z - info: [0mGET /modules/articles/client/controllers/list-articles.client.controller.js [36m304 [0m4.279 ms - -[0m

2016-11-06T08:38:05.676Z - info: [0mGET /modules/articles/client/services/articles.client.service.js [36m304 [0m3.969 ms - -[0m

2016-11-06T08:38:05.681Z - info: [0mGET /modules/chat/client/config/chat.client.menus.js [36m304 [0m5.876 ms - -[0m

2016-11-06T08:38:05.681Z - info: [0mGET /modules/chat/client/config/chat.client.routes.js [36m304 [0m4.542 ms - -[0m

2016-11-06T08:38:05.682Z - info: [0mGET /modules/chat/client/controllers/chat.client.controller.js [36m304 [0m3.131 ms - -[0m

2016-11-06T08:38:05.682Z - info: [0mGET /modules/core/client/config/core-admin.client.menus.js [36m304 [0m3.074 ms - -[0m

2016-11-06T08:38:05.683Z - info: [0mGET /modules/core/client/config/core-admin.client.routes.js [36m304 [0m3.336 ms - -[0m

2016-11-06T08:38:05.688Z - info: [0mGET /modules/core/client/config/core.client.menus.js [36m304 [0m5.583 ms - -[0m

2016-11-06T08:38:05.689Z - info: [0mGET /modules/core/client/config/core.client.route-filter.js [36m304 [0m5.180 ms - -[0m

2016-11-06T08:38:05.690Z - info: [0mGET /modules/core/client/config/core.client.routes.js [36m304 [0m5.309 ms - -[0m

2016-11-06T08:38:05.690Z - info: [0mGET /modules/core/client/controllers/error.client.controller.js [36m304 [0m5.439 ms - -[0m

2016-11-06T08:38:05.691Z - info: [0mGET /modules/core/client/controllers/header.client.controller.js [36m304 [0m5.460 ms - -[0m

2016-11-06T08:38:05.691Z - info: [0mGET /modules/core/client/controllers/home.client.controller.js [36m304 [0m2.505 ms - -[0m

2016-11-06T08:38:05.694Z - info: [0mGET /modules/core/client/directives/auto-focus.client.directive.js [36m304 [0m2.733 ms - -[0m

2016-11-06T08:38:05.695Z - info: [0mGET /modules/core/client/directives/page-title.client.directive.js [36m304 [0m3.295 ms - -[0m

2016-11-06T08:38:05.696Z - info: [0mGET /modules/core/client/directives/show-errors.client.directive.js [36m304 [0m3.699 ms - -[0m

2016-11-06T08:38:05.703Z - info: [0mGET /modules/core/client/services/menu.client.service.js [36m304 [0m9.576 ms - -[0m

2016-11-06T08:38:05.704Z - info: [0mGET /modules/core/client/services/interceptors/auth-interceptor.client.service.js [36m304 [0m11.403 ms - -[0m

2016-11-06T08:38:05.706Z - info: [0mGET /modules/core/client/services/socket.io.client.service.js [36m304 [0m11.506 ms - -[0m

2016-11-06T08:38:05.708Z - info: [0mGET /modules/users/client/config/users-admin.client.menus.js [36m304 [0m11.473 ms - -[0m

2016-11-06T08:38:05.712Z - info: [0mGET /modules/users/client/config/users-admin.client.routes.js [36m304 [0m14.482 ms - -[0m

2016-11-06T08:38:05.714Z - info: [0mGET /modules/users/client/config/users.client.routes.js [36m304 [0m10.761 ms - -[0m

2016-11-06T08:38:05.716Z - info: [0mGET /modules/users/client/controllers/admin/list-users.client.controller.js [36m304 [0m6.124 ms - -[0m

2016-11-06T08:38:05.716Z - info: [0mGET /modules/users/client/controllers/admin/user.client.controller.js [36m304 [0m6.066 ms - -[0m

2016-11-06T08:38:05.721Z - info: [0mGET /modules/users/client/controllers/authentication.client.controller.js [36m304 [0m9.967 ms - -[0m

2016-11-06T08:38:05.721Z - info: [0mGET /modules/users/client/controllers/password.client.controller.js [36m304 [0m5.937 ms - -[0m

2016-11-06T08:38:05.727Z - info: [0mGET /modules/users/client/controllers/settings/change-password.client.controller.js [36m304 [0m8.380 ms - -[0m

2016-11-06T08:38:05.728Z - info: [0mGET /modules/users/client/controllers/settings/change-profile-picture.client.controller.js [36m304 [0m9.434 ms - -[0m

2016-11-06T08:38:05.730Z - info: [0mGET /modules/users/client/controllers/settings/edit-profile.client.controller.js [36m304 [0m5.760 ms - -[0m

2016-11-06T08:38:05.731Z - info: [0mGET /modules/users/client/controllers/settings/manage-social-accounts.client.controller.js [36m304 [0m5.789 ms - -[0m

2016-11-06T08:38:05.735Z - info: [0mGET /modules/users/client/controllers/settings/settings.client.controller.js [36m304 [0m9.411 ms - -[0m

2016-11-06T08:38:05.738Z - info: [0mGET /modules/users/client/directives/password-validator.client.directive.js [36m304 [0m8.483 ms - -[0m

2016-11-06T08:38:05.738Z - info: [0mGET /modules/users/client/directives/password-verify.client.directive.js [36m304 [0m7.178 ms - -[0m

2016-11-06T08:38:05.739Z - info: [0mGET /modules/users/client/directives/users.client.directive.js [36m304 [0m5.564 ms - -[0m

2016-11-06T08:38:05.739Z - info: [0mGET /modules/users/client/services/authentication.client.service.js [36m304 [0m2.656 ms - -[0m

2016-11-06T08:38:05.740Z - info: [0mGET /modules/users/client/services/password-validator.client.service.js [36m304 [0m2.279 ms - -[0m

2016-11-06T08:38:05.740Z - info: [0mGET /modules/users/client/services/users.client.service.js [36m304 [0m1.061 ms - -[0m

2016-11-06T08:38:07.290Z - info: [0mGET /modules/core/client/views/header.client.view.html [36m304 [0m0.600 ms - -[0m

2016-11-06T08:38:07.292Z - info: [0mGET /modules/core/client/views/home.client.view.html [36m304 [0m0.587 ms - -[0m

2016-11-06T08:38:07.377Z - info: [0mGET /modules/core/client/img/brand/logo.png [36m304 [0m1.165 ms - -[0m

2016-11-06T09:58:18.959Z - info: [0mGET / [36m304 [0m63.623 ms - -[0m

2016-11-06T09:58:18.981Z - info: [0mGET /modules/chat/client/css/chat.css [36m304 [0m10.696 ms - -[0m

2016-11-06T09:58:18.982Z - info: [0mGET /modules/core/client/css/core.css [36m304 [0m11.736 ms - -[0m

2016-11-06T09:58:18.983Z - info: [0mGET /modules/users/client/css/users.css [36m304 [0m5.079 ms - -[0m

2016-11-06T09:58:19.119Z - info: [0mGET /modules/core/client/app/config.js [36m304 [0m3.329 ms - -[0m

2016-11-06T09:58:19.120Z - info: [0mGET /modules/core/client/app/init.js [36m304 [0m3.048 ms - -[0m

2016-11-06T09:58:19.120Z - info: [0mGET /modules/articles/client/articles.client.module.js [36m304 [0m3.042 ms - -[0m

2016-11-06T09:58:19.122Z - info: [0mGET /modules/chat/client/chat.client.module.js [36m304 [0m4.572 ms - -[0m

2016-11-06T09:58:19.123Z - info: [0mGET /modules/core/client/core.client.module.js [36m304 [0m4.521 ms - -[0m

2016-11-06T09:58:19.129Z - info: [0mGET /modules/users/client/users.client.module.js [36m304 [0m0.825 ms - -[0m

2016-11-06T09:58:19.134Z - info: [0mGET /modules/articles/client/config/articles-admin.client.config.js [36m304 [0m1.965 ms - -[0m

2016-11-06T09:58:19.134Z - info: [0mGET /modules/articles/client/config/articles-admin.client.routes.js [36m304 [0m2.055 ms - -[0m

2016-11-06T09:58:19.135Z - info: [0mGET /modules/articles/client/config/articles.client.menus.js [36m304 [0m1.497 ms - -[0m

2016-11-06T09:58:19.138Z - info: [0mGET /modules/articles/client/config/articles.client.routes.js [36m304 [0m0.499 ms - -[0m

2016-11-06T09:58:19.141Z - info: [0mGET /modules/articles/client/controllers/admin/article.client.controller.js [36m304 [0m2.337 ms - -[0m

2016-11-06T09:58:19.142Z - info: [0mGET /modules/articles/client/controllers/admin/list-articles.client.controller.js [36m304 [0m0.496 ms - -[0m

2016-11-06T09:58:19.144Z - info: [0mGET /modules/articles/client/controllers/articles.client.controller.js [36m304 [0m1.712 ms - -[0m

2016-11-06T09:58:19.145Z - info: [0mGET /modules/articles/client/controllers/list-articles.client.controller.js [36m304 [0m2.309 ms - -[0m

2016-11-06T09:58:19.146Z - info: [0mGET /modules/articles/client/services/articles.client.service.js [36m304 [0m2.054 ms - -[0m

2016-11-06T09:58:19.146Z - info: [0mGET /modules/chat/client/config/chat.client.menus.js [36m304 [0m1.436 ms - -[0m

2016-11-06T09:58:19.148Z - info: [0mGET /modules/chat/client/config/chat.client.routes.js [36m304 [0m1.020 ms - -[0m

2016-11-06T09:58:19.150Z - info: [0mGET /modules/chat/client/controllers/chat.client.controller.js [36m304 [0m2.716 ms - -[0m

2016-11-06T09:58:19.154Z - info: [0mGET /modules/core/client/config/core-admin.client.menus.js [36m304 [0m4.945 ms - -[0m

2016-11-06T09:58:19.155Z - info: [0mGET /modules/core/client/config/core-admin.client.routes.js [36m304 [0m4.087 ms - -[0m

2016-11-06T09:58:19.156Z - info: [0mGET /modules/core/client/config/core.client.menus.js [36m304 [0m4.087 ms - -[0m

2016-11-06T09:58:19.158Z - info: [0mGET /modules/core/client/config/core.client.route-filter.js [36m304 [0m5.478 ms - -[0m

2016-11-06T09:58:19.160Z - info: [0mGET /modules/core/client/config/core.client.routes.js [36m304 [0m7.346 ms - -[0m

2016-11-06T09:58:19.161Z - info: [0mGET /modules/core/client/controllers/error.client.controller.js [36m304 [0m7.696 ms - -[0m

2016-11-06T09:58:19.163Z - info: [0mGET /modules/core/client/controllers/header.client.controller.js [36m304 [0m4.747 ms - -[0m

2016-11-06T09:58:19.164Z - info: [0mGET /modules/core/client/controllers/home.client.controller.js [36m304 [0m4.678 ms - -[0m

2016-11-06T09:58:19.171Z - info: [0mGET /modules/core/client/directives/auto-focus.client.directive.js [36m304 [0m8.558 ms - -[0m

2016-11-06T09:58:19.173Z - info: [0mGET /modules/core/client/directives/page-title.client.directive.js [36m304 [0m9.004 ms - -[0m

2016-11-06T09:58:19.178Z - info: [0mGET /modules/core/client/directives/show-errors.client.directive.js [36m304 [0m12.359 ms - -[0m

2016-11-06T09:58:19.179Z - info: [0mGET /modules/core/client/services/interceptors/auth-interceptor.client.service.js [36m304 [0m12.586 ms - -[0m

2016-11-06T09:58:19.181Z - info: [0mGET /modules/core/client/services/menu.client.service.js [36m304 [0m6.777 ms - -[0m

2016-11-06T09:58:19.185Z - info: [0mGET /modules/core/client/services/socket.io.client.service.js [36m304 [0m9.567 ms - -[0m

2016-11-06T09:58:19.186Z - info: [0mGET /modules/users/client/config/users-admin.client.menus.js [36m304 [0m9.529 ms - -[0m

2016-11-06T09:58:19.190Z - info: [0mGET /modules/users/client/config/users-admin.client.routes.js [36m304 [0m10.456 ms - -[0m

2016-11-06T09:58:19.191Z - info: [0mGET /modules/users/client/config/users.client.routes.js [36m304 [0m3.995 ms - -[0m

2016-11-06T09:58:19.193Z - info: [0mGET /modules/users/client/controllers/admin/list-users.client.controller.js [36m304 [0m3.604 ms - -[0m

2016-11-06T09:58:19.194Z - info: [0mGET /modules/users/client/controllers/admin/user.client.controller.js [36m304 [0m4.683 ms - -[0m

2016-11-06T09:58:19.195Z - info: [0mGET /modules/users/client/controllers/authentication.client.controller.js [36m304 [0m5.311 ms - -[0m

2016-11-06T09:58:19.196Z - info: [0mGET /modules/users/client/controllers/password.client.controller.js [36m304 [0m6.330 ms - -[0m

2016-11-06T09:58:19.203Z - info: [0mGET /modules/users/client/controllers/settings/change-password.client.controller.js [36m304 [0m3.459 ms - -[0m

2016-11-06T09:58:19.204Z - info: [0mGET /modules/users/client/controllers/settings/change-profile-picture.client.controller.js [36m304 [0m7.766 ms - -[0m

2016-11-06T09:58:19.205Z - info: [0mGET /modules/users/client/controllers/settings/edit-profile.client.controller.js [36m304 [0m8.741 ms - -[0m

2016-11-06T09:58:19.206Z - info: [0mGET /modules/users/client/controllers/settings/manage-social-accounts.client.controller.js [36m304 [0m7.459 ms - -[0m

2016-11-06T09:58:19.208Z - info: [0mGET /modules/users/client/controllers/settings/settings.client.controller.js [36m304 [0m9.634 ms - -[0m

2016-11-06T09:58:19.209Z - info: [0mGET /modules/users/client/directives/password-validator.client.directive.js [36m304 [0m4.687 ms - -[0m

2016-11-06T09:58:19.212Z - info: [0mGET /modules/users/client/directives/password-verify.client.directive.js [36m304 [0m4.817 ms - -[0m

2016-11-06T09:58:19.213Z - info: [0mGET /modules/users/client/directives/users.client.directive.js [36m304 [0m5.237 ms - -[0m

2016-11-06T09:58:19.214Z - info: [0mGET /modules/users/client/services/authentication.client.service.js [36m304 [0m2.789 ms - -[0m

2016-11-06T09:58:19.216Z - info: [0mGET /modules/users/client/services/password-validator.client.service.js [36m304 [0m3.281 ms - -[0m

2016-11-06T09:58:19.219Z - info: [0mGET /modules/users/client/services/users.client.service.js [36m304 [0m3.971 ms - -[0m

2016-11-06T09:58:20.660Z - info: [0mGET /modules/core/client/views/header.client.view.html [36m304 [0m0.578 ms - -[0m

2016-11-06T09:58:20.662Z - info: [0mGET /modules/core/client/views/home.client.view.html [36m304 [0m0.576 ms - -[0m

2016-11-06T09:58:20.744Z - info: [0mGET /modules/core/client/img/brand/logo.png [36m304 [0m0.575 ms - -[0m

2016-11-06T10:32:34.818Z - info: [0mGET / [36m304 [0m55.456 ms - -[0m

2016-11-06T10:32:34.851Z - info: [0mGET /modules/chat/client/css/chat.css [36m304 [0m4.519 ms - -[0m

2016-11-06T10:32:34.856Z - info: [0mGET /modules/core/client/css/core.css [36m304 [0m1.097 ms - -[0m

2016-11-06T10:32:34.861Z - info: [0mGET /modules/users/client/css/users.css [36m304 [0m3.358 ms - -[0m

2016-11-06T10:32:34.861Z - info: [0mGET /modules/core/client/app/config.js [36m304 [0m3.239 ms - -[0m

2016-11-06T10:32:34.862Z - info: [0mGET /modules/core/client/app/init.js [36m304 [0m3.334 ms - -[0m

2016-11-06T10:32:34.862Z - info: [0mGET /modules/articles/client/articles.client.module.js [36m304 [0m2.882 ms - -[0m

2016-11-06T10:32:34.865Z - info: [0mGET /modules/chat/client/chat.client.module.js [36m304 [0m1.686 ms - -[0m

2016-11-06T10:32:34.866Z - info: [0mGET /modules/core/client/core.client.module.js [36m304 [0m1.995 ms - -[0m

2016-11-06T10:32:34.866Z - info: [0mGET /modules/users/client/users.client.module.js [36m304 [0m1.777 ms - -[0m

2016-11-06T10:32:34.867Z - info: [0mGET /modules/articles/client/config/articles-admin.client.config.js [36m304 [0m2.214 ms - -[0m

2016-11-06T10:32:34.868Z - info: [0mGET /modules/articles/client/config/articles-admin.client.routes.js [36m304 [0m2.149 ms - -[0m

2016-11-06T10:32:34.870Z - info: [0mGET /modules/articles/client/config/articles.client.menus.js [36m304 [0m2.639 ms - -[0m

2016-11-06T10:32:34.870Z - info: [0mGET /modules/articles/client/config/articles.client.routes.js [36m304 [0m2.630 ms - -[0m

2016-11-06T10:32:34.873Z - info: [0mGET /modules/articles/client/controllers/admin/article.client.controller.js [36m304 [0m3.602 ms - -[0m

2016-11-06T10:32:34.875Z - info: [0mGET /modules/articles/client/controllers/admin/list-articles.client.controller.js [36m304 [0m5.777 ms - -[0m

2016-11-06T10:32:34.875Z - info: [0mGET /modules/articles/client/controllers/articles.client.controller.js [36m304 [0m4.496 ms - -[0m

2016-11-06T10:32:34.876Z - info: [0mGET /modules/articles/client/controllers/list-articles.client.controller.js [36m304 [0m4.632 ms - -[0m

2016-11-06T10:32:34.877Z - info: [0mGET /modules/articles/client/services/articles.client.service.js [36m304 [0m3.034 ms - -[0m

2016-11-06T10:32:34.878Z - info: [0mGET /modules/chat/client/config/chat.client.menus.js [36m304 [0m3.458 ms - -[0m

2016-11-06T10:32:34.880Z - info: [0mGET /modules/chat/client/config/chat.client.routes.js [36m304 [0m4.153 ms - -[0m

2016-11-06T10:32:34.880Z - info: [0mGET /modules/chat/client/controllers/chat.client.controller.js [36m304 [0m3.202 ms - -[0m

2016-11-06T10:32:34.883Z - info: [0mGET /modules/core/client/config/core-admin.client.menus.js [36m304 [0m3.782 ms - -[0m

2016-11-06T10:32:34.883Z - info: [0mGET /modules/core/client/config/core-admin.client.routes.js [36m304 [0m3.526 ms - -[0m

2016-11-06T10:32:34.885Z - info: [0mGET /modules/core/client/config/core.client.menus.js [36m304 [0m4.875 ms - -[0m

2016-11-06T10:32:34.887Z - info: [0mGET /modules/core/client/config/core.client.route-filter.js [36m304 [0m4.583 ms - -[0m

2016-11-06T10:32:34.887Z - info: [0mGET /modules/core/client/config/core.client.routes.js [36m304 [0m3.580 ms - -[0m

2016-11-06T10:32:34.888Z - info: [0mGET /modules/core/client/controllers/error.client.controller.js [36m304 [0m4.840 ms - -[0m

2016-11-06T10:32:34.889Z - info: [0mGET /modules/core/client/controllers/header.client.controller.js [36m304 [0m3.904 ms - -[0m

2016-11-06T10:32:34.891Z - info: [0mGET /modules/core/client/controllers/home.client.controller.js [36m304 [0m4.774 ms - -[0m

2016-11-06T10:32:34.892Z - info: [0mGET /modules/core/client/directives/auto-focus.client.directive.js [36m304 [0m4.332 ms - -[0m

2016-11-06T10:32:34.894Z - info: [0mGET /modules/core/client/directives/page-title.client.directive.js [36m304 [0m3.141 ms - -[0m

2016-11-06T10:32:34.894Z - info: [0mGET /modules/core/client/directives/show-errors.client.directive.js [36m304 [0m3.771 ms - -[0m

2016-11-06T10:32:34.895Z - info: [0mGET /modules/core/client/services/interceptors/auth-interceptor.client.service.js [36m304 [0m3.502 ms - -[0m

2016-11-06T10:32:35.000Z - info: [0mGET /modules/core/client/services/menu.client.service.js [36m304 [0m2.249 ms - -[0m

2016-11-06T10:32:35.001Z - info: [0mGET /modules/core/client/services/socket.io.client.service.js [36m304 [0m2.539 ms - -[0m

2016-11-06T10:32:35.002Z - info: [0mGET /modules/users/client/config/users-admin.client.menus.js [36m304 [0m3.286 ms - -[0m

2016-11-06T10:32:35.003Z - info: [0mGET /modules/users/client/config/users-admin.client.routes.js [36m304 [0m3.675 ms - -[0m

2016-11-06T10:32:35.006Z - info: [0mGET /modules/users/client/config/users.client.routes.js [36m304 [0m5.278 ms - -[0m

2016-11-06T10:32:35.007Z - info: [0mGET /modules/users/client/controllers/admin/list-users.client.controller.js [36m304 [0m6.743 ms - -[0m

2016-11-06T10:32:35.011Z - info: [0mGET /modules/users/client/controllers/admin/user.client.controller.js [36m304 [0m4.442 ms - -[0m

2016-11-06T10:32:35.012Z - info: [0mGET /modules/users/client/controllers/authentication.client.controller.js [36m304 [0m4.500 ms - -[0m

2016-11-06T10:32:35.012Z - info: [0mGET /modules/users/client/controllers/password.client.controller.js [36m304 [0m4.873 ms - -[0m

2016-11-06T10:32:35.015Z - info: [0mGET /modules/users/client/controllers/settings/change-password.client.controller.js [36m304 [0m4.559 ms - -[0m

2016-11-06T10:32:35.016Z - info: [0mGET /modules/users/client/controllers/settings/change-profile-picture.client.controller.js [36m304 [0m5.956 ms - -[0m

2016-11-06T10:32:35.019Z - info: [0mGET /modules/users/client/controllers/settings/edit-profile.client.controller.js [36m304 [0m8.147 ms - -[0m

2016-11-06T10:32:35.021Z - info: [0mGET /modules/users/client/controllers/settings/manage-social-accounts.client.controller.js [36m304 [0m4.645 ms - -[0m

2016-11-06T10:32:35.021Z - info: [0mGET /modules/users/client/controllers/settings/settings.client.controller.js [36m304 [0m4.676 ms - -[0m

2016-11-06T10:32:35.021Z - info: [0mGET /modules/users/client/directives/password-validator.client.directive.js [36m304 [0m4.741 ms - -[0m

2016-11-06T10:32:35.022Z - info: [0mGET /modules/users/client/directives/password-verify.client.directive.js [36m304 [0m4.776 ms - -[0m

2016-11-06T10:32:35.022Z - info: [0mGET /modules/users/client/directives/users.client.directive.js [36m304 [0m4.712 ms - -[0m

2016-11-06T10:32:35.025Z - info: [0mGET /modules/users/client/services/authentication.client.service.js [36m304 [0m4.181 ms - -[0m

2016-11-06T10:32:35.027Z - info: [0mGET /modules/users/client/services/password-validator.client.service.js [36m304 [0m3.739 ms - -[0m

2016-11-06T10:32:35.028Z - info: [0mGET /modules/users/client/services/users.client.service.js [36m304 [0m3.435 ms - -[0m

2016-11-06T10:32:36.563Z - info: [0mGET /modules/core/client/views/header.client.view.html [36m304 [0m0.902 ms - -[0m

2016-11-06T10:32:36.565Z - info: [0mGET /modules/core/client/views/home.client.view.html [36m304 [0m0.549 ms - -[0m

2016-11-06T10:32:36.649Z - info: [0mGET /modules/core/client/img/brand/logo.png [36m304 [0m0.462 ms - -[0m

2016-11-06T10:33:25.714Z - info: [0mGET /modules/articles/client/views/list-articles.client.view.html [32m200 [0m15.771 ms - 674[0m

2016-11-06T10:33:25.749Z - info: [0mGET /api/articles [32m200 [0m23.656 ms - 2[0m

2016-11-06T10:33:31.600Z - info: [0mGET /api/articles [36m304 [0m9.327 ms - -[0m

2016-11-06T10:33:54.429Z - info: [0mGET /api/articles [36m304 [0m7.453 ms - -[0m

