[2016-10-17 10:27:48] local.ERROR: InvalidArgumentException: A CreateUsersTable migration already exists. in C:\Users\Mohsen\Documents\GitHub\mahtak\server\vendor\laravel\framework\src\Illuminate\Database\Migrations\MigrationCreator.php:76
Stack trace:
#0 C:\Users\Mohsen\Documents\GitHub\mahtak\server\vendor\laravel\framework\src\Illuminate\Database\Migrations\MigrationCreator.php(49): Illuminate\Database\Migrations\MigrationCreator->ensureMigrationDoesntAlreadyExist('create_users_ta...')
#1 C:\Users\Mohsen\Documents\GitHub\mahtak\server\vendor\laravel\framework\src\Illuminate\Database\Console\Migrations\MigrateMakeCommand.php(98): Illuminate\Database\Migrations\MigrationCreator->create('create_users_ta...', 'C:\\Users\\Mohsen...', NULL, false)
#2 C:\Users\Mohsen\Documents\GitHub\mahtak\server\vendor\laravel\framework\src\Illuminate\Database\Console\Migrations\MigrateMakeCommand.php(81): Illuminate\Database\Console\Migrations\MigrateMakeCommand->writeMigration('create_users_ta...', NULL, false)
#3 [internal function]: Illuminate\Database\Console\Migrations\MigrateMakeCommand->fire()
#4 C:\Users\Mohsen\Documents\GitHub\mahtak\server\vendor\laravel\framework\src\Illuminate\Container\Container.php(508): call_user_func_array(Array, Array)
#5 C:\Users\Mohsen\Documents\GitHub\mahtak\server\vendor\laravel\framework\src\Illuminate\Console\Command.php(169): Illuminate\Container\Container->call(Array)
#6 C:\Users\Mohsen\Documents\GitHub\mahtak\server\vendor\symfony\console\Command\Command.php(256): Illuminate\Console\Command->execute(Object(Symfony\Component\Console\Input\ArgvInput), Object(Symfony\Component\Console\Output\ConsoleOutput))
#7 C:\Users\Mohsen\Documents\GitHub\mahtak\server\vendor\laravel\framework\src\Illuminate\Console\Command.php(155): Symfony\Component\Console\Command\Command->run(Object(Symfony\Component\Console\Input\ArgvInput), Object(Symfony\Component\Console\Output\ConsoleOutput))
#8 C:\Users\Mohsen\Documents\GitHub\mahtak\server\vendor\symfony\console\Application.php(820): Illuminate\Console\Command->run(Object(Symfony\Component\Console\Input\ArgvInput), Object(Symfony\Component\Console\Output\ConsoleOutput))
#9 C:\Users\Mohsen\Documents\GitHub\mahtak\server\vendor\symfony\console\Application.php(187): Symfony\Component\Console\Application->doRunCommand(Object(Illuminate\Database\Console\Migrations\MigrateMakeCommand), Object(Symfony\Component\Console\Input\ArgvInput), Object(Symfony\Component\Console\Output\ConsoleOutput))
#10 C:\Users\Mohsen\Documents\GitHub\mahtak\server\vendor\symfony\console\Application.php(118): Symfony\Component\Console\Application->doRun(Object(Symfony\Component\Console\Input\ArgvInput), Object(Symfony\Component\Console\Output\ConsoleOutput))
#11 C:\Users\Mohsen\Documents\GitHub\mahtak\server\vendor\laravel\framework\src\Illuminate\Foundation\Console\Kernel.php(122): Symfony\Component\Console\Application->run(Object(Symfony\Component\Console\Input\ArgvInput), Object(Symfony\Component\Console\Output\ConsoleOutput))
#12 C:\Users\Mohsen\Documents\GitHub\mahtak\server\artisan(35): Illuminate\Foundation\Console\Kernel->handle(Object(Symfony\Component\Console\Input\ArgvInput), Object(Symfony\Component\Console\Output\ConsoleOutput))
#13 {main}  
[2016-10-17 11:25:40] local.ERROR: Symfony\Component\Console\Exception\CommandNotFoundException: There are no commands defined in the "make:model" namespace.

Did you mean this?
    make in C:\Users\Mohsen\Documents\GitHub\mahtak\server\vendor\symfony\console\Application.php:490
Stack trace:
#0 C:\Users\Mohsen\Documents\GitHub\mahtak\server\vendor\symfony\console\Application.php(522): Symfony\Component\Console\Application->findNamespace('make:model')
#1 C:\Users\Mohsen\Documents\GitHub\mahtak\server\vendor\symfony\console\Application.php(184): Symfony\Component\Console\Application->find('make:model:data')
#2 C:\Users\Mohsen\Documents\GitHub\mahtak\server\vendor\symfony\console\Application.php(118): Symfony\Component\Console\Application->doRun(Object(Symfony\Component\Console\Input\ArgvInput), Object(Symfony\Component\Console\Output\ConsoleOutput))
#3 C:\Users\Mohsen\Documents\GitHub\mahtak\server\vendor\laravel\framework\src\Illuminate\Foundation\Console\Kernel.php(122): Symfony\Component\Console\Application->run(Object(Symfony\Component\Console\Input\ArgvInput), Object(Symfony\Component\Console\Output\ConsoleOutput))
#4 C:\Users\Mohsen\Documents\GitHub\mahtak\server\artisan(35): Illuminate\Foundation\Console\Kernel->handle(Object(Symfony\Component\Console\Input\ArgvInput), Object(Symfony\Component\Console\Output\ConsoleOutput))
#5 {main}  
[2016-10-17 12:17:51] local.ERROR: ReflectionException: Class App\Http\Controllers\timeController does not exist in C:\Users\Mohsen\Documents\GitHub\mahtak\server\vendor\laravel\framework\src\Illuminate\Container\Container.php:749
Stack trace:
#0 C:\Users\Mohsen\Documents\GitHub\mahtak\server\vendor\laravel\framework\src\Illuminate\Container\Container.php(749): ReflectionClass->__construct('App\\Http\\Contro...')
#1 C:\Users\Mohsen\Documents\GitHub\mahtak\server\vendor\laravel\framework\src\Illuminate\Container\Container.php(644): Illuminate\Container\Container->build('App\\Http\\Contro...', Array)
#2 C:\Users\Mohsen\Documents\GitHub\mahtak\server\vendor\laravel\framework\src\Illuminate\Foundation\Application.php(709): Illuminate\Container\Container->make('App\\Http\\Contro...', Array)
#3 C:\Users\Mohsen\Documents\GitHub\mahtak\server\vendor\laravel\framework\src\Illuminate\Routing\Route.php(203): Illuminate\Foundation\Application->make('App\\Http\\Contro...')
#4 C:\Users\Mohsen\Documents\GitHub\mahtak\server\vendor\laravel\framework\src\Illuminate\Routing\Route.php(316): Illuminate\Routing\Route->getController()
#5 C:\Users\Mohsen\Documents\GitHub\mahtak\server\vendor\laravel\framework\src\Illuminate\Routing\Route.php(278): Illuminate\Routing\Route->controllerMiddleware()
#6 C:\Users\Mohsen\Documents\GitHub\mahtak\server\vendor\laravel\framework\src\Illuminate\Routing\Router.php(655): Illuminate\Routing\Route->gatherMiddleware()
#7 C:\Users\Mohsen\Documents\GitHub\mahtak\server\vendor\laravel\framework\src\Illuminate\Routing\Router.php(635): Illuminate\Routing\Router->gatherRouteMiddleware(Object(Illuminate\Routing\Route))
#8 C:\Users\Mohsen\Documents\GitHub\mahtak\server\vendor\laravel\framework\src\Illuminate\Routing\Router.php(618): Illuminate\Routing\Router->runRouteWithinStack(Object(Illuminate\Routing\Route), Object(Illuminate\Http\Request))
#9 C:\Users\Mohsen\Documents\GitHub\mahtak\server\vendor\laravel\framework\src\Illuminate\Routing\Router.php(596): Illuminate\Routing\Router->dispatchToRoute(Object(Illuminate\Http\Request))
#10 C:\Users\Mohsen\Documents\GitHub\mahtak\server\vendor\laravel\framework\src\Illuminate\Foundation\Http\Kernel.php(267): Illuminate\Routing\Router->dispatch(Object(Illuminate\Http\Request))
#11 C:\Users\Mohsen\Documents\GitHub\mahtak\server\vendor\laravel\framework\src\Illuminate\Routing\Pipeline.php(53): Illuminate\Foundation\Http\Kernel->Illuminate\Foundation\Http\{closure}(Object(Illuminate\Http\Request))
#12 C:\Users\Mohsen\Documents\GitHub\mahtak\server\vendor\laravel\framework\src\Illuminate\Foundation\Http\Middleware\CheckForMaintenanceMode.php(46): Illuminate\Routing\Pipeline->Illuminate\Routing\{closure}(Object(Illuminate\Http\Request))
#13 C:\Users\Mohsen\Documents\GitHub\mahtak\server\vendor\laravel\framework\src\Illuminate\Pipeline\Pipeline.php(137): Illuminate\Foundation\Http\Middleware\CheckForMaintenanceMode->handle(Object(Illuminate\Http\Request), Object(Closure))
#14 C:\Users\Mohsen\Documents\GitHub\mahtak\server\vendor\laravel\framework\src\Illuminate\Routing\Pipeline.php(33): Illuminate\Pipeline\Pipeline->Illuminate\Pipeline\{closure}(Object(Illuminate\Http\Request))
#15 C:\Users\Mohsen\Documents\GitHub\mahtak\server\vendor\laravel\framework\src\Illuminate\Pipeline\Pipeline.php(104): Illuminate\Routing\Pipeline->Illuminate\Routing\{closure}(Object(Illuminate\Http\Request))
#16 C:\Users\Mohsen\Documents\GitHub\mahtak\server\vendor\laravel\framework\src\Illuminate\Foundation\Http\Kernel.php(149): Illuminate\Pipeline\Pipeline->then(Object(Closure))
#17 C:\Users\Mohsen\Documents\GitHub\mahtak\server\vendor\laravel\framework\src\Illuminate\Foundation\Http\Kernel.php(116): Illuminate\Foundation\Http\Kernel->sendRequestThroughRouter(Object(Illuminate\Http\Request))
#18 C:\Users\Mohsen\Documents\GitHub\mahtak\server\public\index.php(53): Illuminate\Foundation\Http\Kernel->handle(Object(Illuminate\Http\Request))
#19 C:\Users\Mohsen\Documents\GitHub\mahtak\server\server.php(21): require_once('C:\\Users\\Mohsen...')
#20 {main}  
[2016-10-17 12:17:52] local.ERROR: ReflectionException: Class App\Http\Controllers\timeController does not exist in C:\Users\Mohsen\Documents\GitHub\mahtak\server\vendor\laravel\framework\src\Illuminate\Container\Container.php:749
Stack trace:
#0 C:\Users\Mohsen\Documents\GitHub\mahtak\server\vendor\laravel\framework\src\Illuminate\Container\Container.php(749): ReflectionClass->__construct('App\\Http\\Contro...')
#1 C:\Users\Mohsen\Documents\GitHub\mahtak\server\vendor\laravel\framework\src\Illuminate\Container\Container.php(644): Illuminate\Container\Container->build('App\\Http\\Contro...', Array)
#2 C:\Users\Mohsen\Documents\GitHub\mahtak\server\vendor\laravel\framework\src\Illuminate\Foundation\Application.php(709): Illuminate\Container\Container->make('App\\Http\\Contro...', Array)
#3 C:\Users\Mohsen\Documents\GitHub\mahtak\server\vendor\laravel\framework\src\Illuminate\Routing\Route.php(203): Illuminate\Foundation\Application->make('App\\Http\\Contro...')
#4 C:\Users\Mohsen\Documents\GitHub\mahtak\server\vendor\laravel\framework\src\Illuminate\Routing\Route.php(316): Illuminate\Routing\Route->getController()
#5 C:\Users\Mohsen\Documents\GitHub\mahtak\server\vendor\laravel\framework\src\Illuminate\Routing\Route.php(278): Illuminate\Routing\Route->controllerMiddleware()
#6 C:\Users\Mohsen\Documents\GitHub\mahtak\server\vendor\laravel\framework\src\Illuminate\Routing\Router.php(655): Illuminate\Routing\Route->gatherMiddleware()
#7 C:\Users\Mohsen\Documents\GitHub\mahtak\server\vendor\laravel\framework\src\Illuminate\Foundation\Http\Kernel.php(192): Illuminate\Routing\Router->gatherRouteMiddleware(Object(Illuminate\Routing\Route))
#8 C:\Users\Mohsen\Documents\GitHub\mahtak\server\vendor\laravel\framework\src\Illuminate\Foundation\Http\Kernel.php(162): Illuminate\Foundation\Http\Kernel->gatherRouteMiddleware(Object(Illuminate\Http\Request))
#9 C:\Users\Mohsen\Documents\GitHub\mahtak\server\public\index.php(58): Illuminate\Foundation\Http\Kernel->terminate(Object(Illuminate\Http\Request), Object(Illuminate\Http\Response))
#10 C:\Users\Mohsen\Documents\GitHub\mahtak\server\server.php(21): require_once('C:\\Users\\Mohsen...')
#11 {main}  
[2016-10-17 12:34:56] local.ERROR: ErrorException: date() expects at least 1 parameter, 0 given in C:\Users\Mohsen\Documents\GitHub\mahtak\server\app\Http\Controllers\DataController.php:19
Stack trace:
#0 [internal function]: Illuminate\Foundation\Bootstrap\HandleExceptions->handleError(2, 'date() expects ...', 'C:\\Users\\Mohsen...', 19, Array)
#1 C:\Users\Mohsen\Documents\GitHub\mahtak\server\app\Http\Controllers\DataController.php(19): date()
#2 [internal function]: App\Http\Controllers\DataController->store(Object(Illuminate\Http\Request))
#3 C:\Users\Mohsen\Documents\GitHub\mahtak\server\vendor\laravel\framework\src\Illuminate\Routing\Controller.php(55): call_user_func_array(Array, Array)
#4 C:\Users\Mohsen\Documents\GitHub\mahtak\server\vendor\laravel\framework\src\Illuminate\Routing\ControllerDispatcher.php(44): Illuminate\Routing\Controller->callAction('store', Array)
#5 C:\Users\Mohsen\Documents\GitHub\mahtak\server\vendor\laravel\framework\src\Illuminate\Routing\Route.php(189): Illuminate\Routing\ControllerDispatcher->dispatch(Object(Illuminate\Routing\Route), Object(App\Http\Controllers\DataController), 'store')
#6 C:\Users\Mohsen\Documents\GitHub\mahtak\server\vendor\laravel\framework\src\Illuminate\Routing\Route.php(144): Illuminate\Routing\Route->runController()
#7 C:\Users\Mohsen\Documents\GitHub\mahtak\server\vendor\laravel\framework\src\Illuminate\Routing\Router.php(642): Illuminate\Routing\Route->run(Object(Illuminate\Http\Request))
#8 C:\Users\Mohsen\Documents\GitHub\mahtak\server\vendor\laravel\framework\src\Illuminate\Routing\Pipeline.php(53): Illuminate\Routing\Router->Illuminate\Routing\{closure}(Object(Illuminate\Http\Request))
#9 C:\Users\Mohsen\Documents\GitHub\mahtak\server\vendor\laravel\framework\src\Illuminate\Routing\Middleware\SubstituteBindings.php(41): Illuminate\Routing\Pipeline->Illuminate\Routing\{closure}(Object(Illuminate\Http\Request))
#10 C:\Users\Mohsen\Documents\GitHub\mahtak\server\vendor\laravel\framework\src\Illuminate\Pipeline\Pipeline.php(137): Illuminate\Routing\Middleware\SubstituteBindings->handle(Object(Illuminate\Http\Request), Object(Closure))
#11 C:\Users\Mohsen\Documents\GitHub\mahtak\server\vendor\laravel\framework\src\Illuminate\Routing\Pipeline.php(33): Illuminate\Pipeline\Pipeline->Illuminate\Pipeline\{closure}(Object(Illuminate\Http\Request))
#12 C:\Users\Mohsen\Documents\GitHub\mahtak\server\vendor\laravel\framework\src\Illuminate\View\Middleware\ShareErrorsFromSession.php(49): Illuminate\Routing\Pipeline->Illuminate\Routing\{closure}(Object(Illuminate\Http\Request))
#13 C:\Users\Mohsen\Documents\GitHub\mahtak\server\vendor\laravel\framework\src\Illuminate\Pipeline\Pipeline.php(137): Illuminate\View\Middleware\ShareErrorsFromSession->handle(Object(Illuminate\Http\Request), Object(Closure))
#14 C:\Users\Mohsen\Documents\GitHub\mahtak\server\vendor\laravel\framework\src\Illuminate\Routing\Pipeline.php(33): Illuminate\Pipeline\Pipeline->Illuminate\Pipeline\{closure}(Object(Illuminate\Http\Request))
#15 C:\Users\Mohsen\Documents\GitHub\mahtak\server\vendor\laravel\framework\src\Illuminate\Session\Middleware\StartSession.php(64): Illuminate\Routing\Pipeline->Illuminate\Routing\{closure}(Object(Illuminate\Http\Request))
#16 C:\Users\Mohsen\Documents\GitHub\mahtak\server\vendor\laravel\framework\src\Illuminate\Pipeline\Pipeline.php(137): Illuminate\Session\Middleware\StartSession->handle(Object(Illuminate\Http\Request), Object(Closure))
#17 C:\Users\Mohsen\Documents\GitHub\mahtak\server\vendor\laravel\framework\src\Illuminate\Routing\Pipeline.php(33): Illuminate\Pipeline\Pipeline->Illuminate\Pipeline\{closure}(Object(Illuminate\Http\Request))
#18 C:\Users\Mohsen\Documents\GitHub\mahtak\server\vendor\laravel\framework\src\Illuminate\Cookie\Middleware\AddQueuedCookiesToResponse.php(37): Illuminate\Routing\Pipeline->Illuminate\Routing\{closure}(Object(Illuminate\Http\Request))
#19 C:\Users\Mohsen\Documents\GitHub\mahtak\server\vendor\laravel\framework\src\Illuminate\Pipeline\Pipeline.php(137): Illuminate\Cookie\Middleware\AddQueuedCookiesToResponse->handle(Object(Illuminate\Http\Request), Object(Closure))
#20 C:\Users\Mohsen\Documents\GitHub\mahtak\server\vendor\laravel\framework\src\Illuminate\Routing\Pipeline.php(33): Illuminate\Pipeline\Pipeline->Illuminate\Pipeline\{closure}(Object(Illuminate\Http\Request))
#21 C:\Users\Mohsen\Documents\GitHub\mahtak\server\vendor\laravel\framework\src\Illuminate\Cookie\Middleware\EncryptCookies.php(59): Illuminate\Routing\Pipeline->Illuminate\Routing\{closure}(Object(Illuminate\Http\Request))
#22 C:\Users\Mohsen\Documents\GitHub\mahtak\server\vendor\laravel\framework\src\Illuminate\Pipeline\Pipeline.php(137): Illuminate\Cookie\Middleware\EncryptCookies->handle(Object(Illuminate\Http\Request), Object(Closure))
#23 C:\Users\Mohsen\Documents\GitHub\mahtak\server\vendor\laravel\framework\src\Illuminate\Routing\Pipeline.php(33): Illuminate\Pipeline\Pipeline->Illuminate\Pipeline\{closure}(Object(Illuminate\Http\Request))
#24 C:\Users\Mohsen\Documents\GitHub\mahtak\server\vendor\laravel\framework\src\Illuminate\Pipeline\Pipeline.php(104): Illuminate\Routing\Pipeline->Illuminate\Routing\{closure}(Object(Illuminate\Http\Request))
#25 C:\Users\Mohsen\Documents\GitHub\mahtak\server\vendor\laravel\framework\src\Illuminate\Routing\Router.php(644): Illuminate\Pipeline\Pipeline->then(Object(Closure))
#26 C:\Users\Mohsen\Documents\GitHub\mahtak\server\vendor\laravel\framework\src\Illuminate\Routing\Router.php(618): Illuminate\Routing\Router->runRouteWithinStack(Object(Illuminate\Routing\Route), Object(Illuminate\Http\Request))
#27 C:\Users\Mohsen\Documents\GitHub\mahtak\server\vendor\laravel\framework\src\Illuminate\Routing\Router.php(596): Illuminate\Routing\Router->dispatchToRoute(Object(Illuminate\Http\Request))
#28 C:\Users\Mohsen\Documents\GitHub\mahtak\server\vendor\laravel\framework\src\Illuminate\Foundation\Http\Kernel.php(267): Illuminate\Routing\Router->dispatch(Object(Illuminate\Http\Request))
#29 C:\Users\Mohsen\Documents\GitHub\mahtak\server\vendor\laravel\framework\src\Illuminate\Routing\Pipeline.php(53): Illuminate\Foundation\Http\Kernel->Illuminate\Foundation\Http\{closure}(Object(Illuminate\Http\Request))
#30 C:\Users\Mohsen\Documents\GitHub\mahtak\server\vendor\laravel\framework\src\Illuminate\Foundation\Http\Middleware\CheckForMaintenanceMode.php(46): Illuminate\Routing\Pipeline->Illuminate\Routing\{closure}(Object(Illuminate\Http\Request))
#31 C:\Users\Mohsen\Documents\GitHub\mahtak\server\vendor\laravel\framework\src\Illuminate\Pipeline\Pipeline.php(137): Illuminate\Foundation\Http\Middleware\CheckForMaintenanceMode->handle(Object(Illuminate\Http\Request), Object(Closure))
#32 C:\Users\Mohsen\Documents\GitHub\mahtak\server\vendor\laravel\framework\src\Illuminate\Routing\Pipeline.php(33): Illuminate\Pipeline\Pipeline->Illuminate\Pipeline\{closure}(Object(Illuminate\Http\Request))
#33 C:\Users\Mohsen\Documents\GitHub\mahtak\server\vendor\laravel\framework\src\Illuminate\Pipeline\Pipeline.php(104): Illuminate\Routing\Pipeline->Illuminate\Routing\{closure}(Object(Illuminate\Http\Request))
#34 C:\Users\Mohsen\Documents\GitHub\mahtak\server\vendor\laravel\framework\src\Illuminate\Foundation\Http\Kernel.php(149): Illuminate\Pipeline\Pipeline->then(Object(Closure))
#35 C:\Users\Mohsen\Documents\GitHub\mahtak\server\vendor\laravel\framework\src\Illuminate\Foundation\Http\Kernel.php(116): Illuminate\Foundation\Http\Kernel->sendRequestThroughRouter(Object(Illuminate\Http\Request))
#36 C:\Users\Mohsen\Documents\GitHub\mahtak\server\public\index.php(53): Illuminate\Foundation\Http\Kernel->handle(Object(Illuminate\Http\Request))
#37 C:\Users\Mohsen\Documents\GitHub\mahtak\server\server.php(21): require_once('C:\\Users\\Mohsen...')
#38 {main}  
[2016-10-17 12:37:53] local.ERROR: PDOException: SQLSTATE[42S02]: Base table or view not found: 1146 Table 'analytics_data.data' doesn't exist in C:\Users\Mohsen\Documents\GitHub\mahtak\server\vendor\laravel\framework\src\Illuminate\Database\Connection.php:476
Stack trace:
#0 C:\Users\Mohsen\Documents\GitHub\mahtak\server\vendor\laravel\framework\src\Illuminate\Database\Connection.php(476): PDO->prepare('insert into `da...')
#1 C:\Users\Mohsen\Documents\GitHub\mahtak\server\vendor\laravel\framework\src\Illuminate\Database\Connection.php(754): Illuminate\Database\Connection->Illuminate\Database\{closure}(Object(Illuminate\Database\MySqlConnection), 'insert into `da...', Array)
#2 C:\Users\Mohsen\Documents\GitHub\mahtak\server\vendor\laravel\framework\src\Illuminate\Database\Connection.php(717): Illuminate\Database\Connection->runQueryCallback('insert into `da...', Array, Object(Closure))
#3 C:\Users\Mohsen\Documents\GitHub\mahtak\server\vendor\laravel\framework\src\Illuminate\Database\Connection.php(481): Illuminate\Database\Connection->run('insert into `da...', Array, Object(Closure))
#4 C:\Users\Mohsen\Documents\GitHub\mahtak\server\vendor\laravel\framework\src\Illuminate\Database\Connection.php(435): Illuminate\Database\Connection->statement('insert into `da...', Array)
#5 C:\Users\Mohsen\Documents\GitHub\mahtak\server\vendor\laravel\framework\src\Illuminate\Database\Query\Processors\Processor.php(32): Illuminate\Database\Connection->insert('insert into `da...', Array)
#6 C:\Users\Mohsen\Documents\GitHub\mahtak\server\vendor\laravel\framework\src\Illuminate\Database\Query\Builder.php(2142): Illuminate\Database\Query\Processors\Processor->processInsertGetId(Object(Illuminate\Database\Query\Builder), 'insert into `da...', Array, 'id')
#7 [internal function]: Illuminate\Database\Query\Builder->insertGetId(Array, 'id')
#8 C:\Users\Mohsen\Documents\GitHub\mahtak\server\vendor\laravel\framework\src\Illuminate\Database\Eloquent\Builder.php(1435): call_user_func_array(Array, Array)
#9 C:\Users\Mohsen\Documents\GitHub\mahtak\server\vendor\laravel\framework\src\Illuminate\Database\Eloquent\Model.php(1607): Illuminate\Database\Eloquent\Builder->__call('insertGetId', Array)
#10 C:\Users\Mohsen\Documents\GitHub\mahtak\server\vendor\laravel\framework\src\Illuminate\Database\Eloquent\Model.php(1576): Illuminate\Database\Eloquent\Model->insertAndSetId(Object(Illuminate\Database\Eloquent\Builder), Array)
#11 C:\Users\Mohsen\Documents\GitHub\mahtak\server\vendor\laravel\framework\src\Illuminate\Database\Eloquent\Model.php(1472): Illuminate\Database\Eloquent\Model->performInsert(Object(Illuminate\Database\Eloquent\Builder))
#12 C:\Users\Mohsen\Documents\GitHub\mahtak\server\app\Http\Controllers\DataController.php(20): Illuminate\Database\Eloquent\Model->save()
#13 [internal function]: App\Http\Controllers\DataController->store(Object(Illuminate\Http\Request))
#14 C:\Users\Mohsen\Documents\GitHub\mahtak\server\vendor\laravel\framework\src\Illuminate\Routing\Controller.php(55): call_user_func_array(Array, Array)
#15 C:\Users\Mohsen\Documents\GitHub\mahtak\server\vendor\laravel\framework\src\Illuminate\Routing\ControllerDispatcher.php(44): Illuminate\Routing\Controller->callAction('store', Array)
#16 C:\Users\Mohsen\Documents\GitHub\mahtak\server\vendor\laravel\framework\src\Illuminate\Routing\Route.php(189): Illuminate\Routing\ControllerDispatcher->dispatch(Object(Illuminate\Routing\Route), Object(App\Http\Controllers\DataController), 'store')
#17 C:\Users\Mohsen\Documents\GitHub\mahtak\server\vendor\laravel\framework\src\Illuminate\Routing\Route.php(144): Illuminate\Routing\Route->runController()
#18 C:\Users\Mohsen\Documents\GitHub\mahtak\server\vendor\laravel\framework\src\Illuminate\Routing\Router.php(642): Illuminate\Routing\Route->run(Object(Illuminate\Http\Request))
#19 C:\Users\Mohsen\Documents\GitHub\mahtak\server\vendor\laravel\framework\src\Illuminate\Routing\Pipeline.php(53): Illuminate\Routing\Router->Illuminate\Routing\{closure}(Object(Illuminate\Http\Request))
#20 C:\Users\Mohsen\Documents\GitHub\mahtak\server\vendor\laravel\framework\src\Illuminate\Routing\Middleware\SubstituteBindings.php(41): Illuminate\Routing\Pipeline->Illuminate\Routing\{closure}(Object(Illuminate\Http\Request))
#21 C:\Users\Mohsen\Documents\GitHub\mahtak\server\vendor\laravel\framework\src\Illuminate\Pipeline\Pipeline.php(137): Illuminate\Routing\Middleware\SubstituteBindings->handle(Object(Illuminate\Http\Request), Object(Closure))
#22 C:\Users\Mohsen\Documents\GitHub\mahtak\server\vendor\laravel\framework\src\Illuminate\Routing\Pipeline.php(33): Illuminate\Pipeline\Pipeline->Illuminate\Pipeline\{closure}(Object(Illuminate\Http\Request))
#23 C:\Users\Mohsen\Documents\GitHub\mahtak\server\vendor\laravel\framework\src\Illuminate\View\Middleware\ShareErrorsFromSession.php(49): Illuminate\Routing\Pipeline->Illuminate\Routing\{closure}(Object(Illuminate\Http\Request))
#24 C:\Users\Mohsen\Documents\GitHub\mahtak\server\vendor\laravel\framework\src\Illuminate\Pipeline\Pipeline.php(137): Illuminate\View\Middleware\ShareErrorsFromSession->handle(Object(Illuminate\Http\Request), Object(Closure))
#25 C:\Users\Mohsen\Documents\GitHub\mahtak\server\vendor\laravel\framework\src\Illuminate\Routing\Pipeline.php(33): Illuminate\Pipeline\Pipeline->Illuminate\Pipeline\{closure}(Object(Illuminate\Http\Request))
#26 C:\Users\Mohsen\Documents\GitHub\mahtak\server\vendor\laravel\framework\src\Illuminate\Session\Middleware\StartSession.php(64): Illuminate\Routing\Pipeline->Illuminate\Routing\{closure}(Object(Illuminate\Http\Request))
#27 C:\Users\Mohsen\Documents\GitHub\mahtak\server\vendor\laravel\framework\src\Illuminate\Pipeline\Pipeline.php(137): Illuminate\Session\Middleware\StartSession->handle(Object(Illuminate\Http\Request), Object(Closure))
#28 C:\Users\Mohsen\Documents\GitHub\mahtak\server\vendor\laravel\framework\src\Illuminate\Routing\Pipeline.php(33): Illuminate\Pipeline\Pipeline->Illuminate\Pipeline\{closure}(Object(Illuminate\Http\Request))
#29 C:\Users\Mohsen\Documents\GitHub\mahtak\server\vendor\laravel\framework\src\Illuminate\Cookie\Middleware\AddQueuedCookiesToResponse.php(37): Illuminate\Routing\Pipeline->Illuminate\Routing\{closure}(Object(Illuminate\Http\Request))
#30 C:\Users\Mohsen\Documents\GitHub\mahtak\server\vendor\laravel\framework\src\Illuminate\Pipeline\Pipeline.php(137): Illuminate\Cookie\Middleware\AddQueuedCookiesToResponse->handle(Object(Illuminate\Http\Request), Object(Closure))
#31 C:\Users\Mohsen\Documents\GitHub\mahtak\server\vendor\laravel\framework\src\Illuminate\Routing\Pipeline.php(33): Illuminate\Pipeline\Pipeline->Illuminate\Pipeline\{closure}(Object(Illuminate\Http\Request))
#32 C:\Users\Mohsen\Documents\GitHub\mahtak\server\vendor\laravel\framework\src\Illuminate\Cookie\Middleware\EncryptCookies.php(59): Illuminate\Routing\Pipeline->Illuminate\Routing\{closure}(Object(Illuminate\Http\Request))
#33 C:\Users\Mohsen\Documents\GitHub\mahtak\server\vendor\laravel\framework\src\Illuminate\Pipeline\Pipeline.php(137): Illuminate\Cookie\Middleware\EncryptCookies->handle(Object(Illuminate\Http\Request), Object(Closure))
#34 C:\Users\Mohsen\Documents\GitHub\mahtak\server\vendor\laravel\framework\src\Illuminate\Routing\Pipeline.php(33): Illuminate\Pipeline\Pipeline->Illuminate\Pipeline\{closure}(Object(Illuminate\Http\Request))
#35 C:\Users\Mohsen\Documents\GitHub\mahtak\server\vendor\laravel\framework\src\Illuminate\Pipeline\Pipeline.php(104): Illuminate\Routing\Pipeline->Illuminate\Routing\{closure}(Object(Illuminate\Http\Request))
#36 C:\Users\Mohsen\Documents\GitHub\mahtak\server\vendor\laravel\framework\src\Illuminate\Routing\Router.php(644): Illuminate\Pipeline\Pipeline->then(Object(Closure))
#37 C:\Users\Mohsen\Documents\GitHub\mahtak\server\vendor\laravel\framework\src\Illuminate\Routing\Router.php(618): Illuminate\Routing\Router->runRouteWithinStack(Object(Illuminate\Routing\Route), Object(Illuminate\Http\Request))
#38 C:\Users\Mohsen\Documents\GitHub\mahtak\server\vendor\laravel\framework\src\Illuminate\Routing\Router.php(596): Illuminate\Routing\Router->dispatchToRoute(Object(Illuminate\Http\Request))
#39 C:\Users\Mohsen\Documents\GitHub\mahtak\server\vendor\laravel\framework\src\Illuminate\Foundation\Http\Kernel.php(267): Illuminate\Routing\Router->dispatch(Object(Illuminate\Http\Request))
#40 C:\Users\Mohsen\Documents\GitHub\mahtak\server\vendor\laravel\framework\src\Illuminate\Routing\Pipeline.php(53): Illuminate\Foundation\Http\Kernel->Illuminate\Foundation\Http\{closure}(Object(Illuminate\Http\Request))
#41 C:\Users\Mohsen\Documents\GitHub\mahtak\server\vendor\laravel\framework\src\Illuminate\Foundation\Http\Middleware\CheckForMaintenanceMode.php(46): Illuminate\Routing\Pipeline->Illuminate\Routing\{closure}(Object(Illuminate\Http\Request))
#42 C:\Users\Mohsen\Documents\GitHub\mahtak\server\vendor\laravel\framework\src\Illuminate\Pipeline\Pipeline.php(137): Illuminate\Foundation\Http\Middleware\CheckForMaintenanceMode->handle(Object(Illuminate\Http\Request), Object(Closure))
#43 C:\Users\Mohsen\Documents\GitHub\mahtak\server\vendor\laravel\framework\src\Illuminate\Routing\Pipeline.php(33): Illuminate\Pipeline\Pipeline->Illuminate\Pipeline\{closure}(Object(Illuminate\Http\Request))
#44 C:\Users\Mohsen\Documents\GitHub\mahtak\server\vendor\laravel\framework\src\Illuminate\Pipeline\Pipeline.php(104): Illuminate\Routing\Pipeline->Illuminate\Routing\{closure}(Object(Illuminate\Http\Request))
#45 C:\Users\Mohsen\Documents\GitHub\mahtak\server\vendor\laravel\framework\src\Illuminate\Foundation\Http\Kernel.php(149): Illuminate\Pipeline\Pipeline->then(Object(Closure))
#46 C:\Users\Mohsen\Documents\GitHub\mahtak\server\vendor\laravel\framework\src\Illuminate\Foundation\Http\Kernel.php(116): Illuminate\Foundation\Http\Kernel->sendRequestThroughRouter(Object(Illuminate\Http\Request))
#47 C:\Users\Mohsen\Documents\GitHub\mahtak\server\public\index.php(53): Illuminate\Foundation\Http\Kernel->handle(Object(Illuminate\Http\Request))
#48 C:\Users\Mohsen\Documents\GitHub\mahtak\server\server.php(21): require_once('C:\\Users\\Mohsen...')
#49 {main}

Next Illuminate\Database\QueryException: SQLSTATE[42S02]: Base table or view not found: 1146 Table 'analytics_data.data' doesn't exist (SQL: insert into `data` (`startdate`, `enddate`, `updated_at`, `created_at`) values (2016-10-08, 2016-10-16, 2016-10-17 12:37:53, 2016-10-17 12:37:53)) in C:\Users\Mohsen\Documents\GitHub\mahtak\server\vendor\laravel\framework\src\Illuminate\Database\Connection.php:761
Stack trace:
#0 C:\Users\Mohsen\Documents\GitHub\mahtak\server\vendor\laravel\framework\src\Illuminate\Database\Connection.php(717): Illuminate\Database\Connection->runQueryCallback('insert into `da...', Array, Object(Closure))
#1 C:\Users\Mohsen\Documents\GitHub\mahtak\server\vendor\laravel\framework\src\Illuminate\Database\Connection.php(481): Illuminate\Database\Connection->run('insert into `da...', Array, Object(Closure))
#2 C:\Users\Mohsen\Documents\GitHub\mahtak\server\vendor\laravel\framework\src\Illuminate\Database\Connection.php(435): Illuminate\Database\Connection->statement('insert into `da...', Array)
#3 C:\Users\Mohsen\Documents\GitHub\mahtak\server\vendor\laravel\framework\src\Illuminate\Database\Query\Processors\Processor.php(32): Illuminate\Database\Connection->insert('insert into `da...', Array)
#4 C:\Users\Mohsen\Documents\GitHub\mahtak\server\vendor\laravel\framework\src\Illuminate\Database\Query\Builder.php(2142): Illuminate\Database\Query\Processors\Processor->processInsertGetId(Object(Illuminate\Database\Query\Builder), 'insert into `da...', Array, 'id')
#5 [internal function]: Illuminate\Database\Query\Builder->insertGetId(Array, 'id')
#6 C:\Users\Mohsen\Documents\GitHub\mahtak\server\vendor\laravel\framework\src\Illuminate\Database\Eloquent\Builder.php(1435): call_user_func_array(Array, Array)
#7 C:\Users\Mohsen\Documents\GitHub\mahtak\server\vendor\laravel\framework\src\Illuminate\Database\Eloquent\Model.php(1607): Illuminate\Database\Eloquent\Builder->__call('insertGetId', Array)
#8 C:\Users\Mohsen\Documents\GitHub\mahtak\server\vendor\laravel\framework\src\Illuminate\Database\Eloquent\Model.php(1576): Illuminate\Database\Eloquent\Model->insertAndSetId(Object(Illuminate\Database\Eloquent\Builder), Array)
#9 C:\Users\Mohsen\Documents\GitHub\mahtak\server\vendor\laravel\framework\src\Illuminate\Database\Eloquent\Model.php(1472): Illuminate\Database\Eloquent\Model->performInsert(Object(Illuminate\Database\Eloquent\Builder))
#10 C:\Users\Mohsen\Documents\GitHub\mahtak\server\app\Http\Controllers\DataController.php(20): Illuminate\Database\Eloquent\Model->save()
#11 [internal function]: App\Http\Controllers\DataController->store(Object(Illuminate\Http\Request))
#12 C:\Users\Mohsen\Documents\GitHub\mahtak\server\vendor\laravel\framework\src\Illuminate\Routing\Controller.php(55): call_user_func_array(Array, Array)
#13 C:\Users\Mohsen\Documents\GitHub\mahtak\server\vendor\laravel\framework\src\Illuminate\Routing\ControllerDispatcher.php(44): Illuminate\Routing\Controller->callAction('store', Array)
#14 C:\Users\Mohsen\Documents\GitHub\mahtak\server\vendor\laravel\framework\src\Illuminate\Routing\Route.php(189): Illuminate\Routing\ControllerDispatcher->dispatch(Object(Illuminate\Routing\Route), Object(App\Http\Controllers\DataController), 'store')
#15 C:\Users\Mohsen\Documents\GitHub\mahtak\server\vendor\laravel\framework\src\Illuminate\Routing\Route.php(144): Illuminate\Routing\Route->runController()
#16 C:\Users\Mohsen\Documents\GitHub\mahtak\server\vendor\laravel\framework\src\Illuminate\Routing\Router.php(642): Illuminate\Routing\Route->run(Object(Illuminate\Http\Request))
#17 C:\Users\Mohsen\Documents\GitHub\mahtak\server\vendor\laravel\framework\src\Illuminate\Routing\Pipeline.php(53): Illuminate\Routing\Router->Illuminate\Routing\{closure}(Object(Illuminate\Http\Request))
#18 C:\Users\Mohsen\Documents\GitHub\mahtak\server\vendor\laravel\framework\src\Illuminate\Routing\Middleware\SubstituteBindings.php(41): Illuminate\Routing\Pipeline->Illuminate\Routing\{closure}(Object(Illuminate\Http\Request))
#19 C:\Users\Mohsen\Documents\GitHub\mahtak\server\vendor\laravel\framework\src\Illuminate\Pipeline\Pipeline.php(137): Illuminate\Routing\Middleware\SubstituteBindings->handle(Object(Illuminate\Http\Request), Object(Closure))
#20 C:\Users\Mohsen\Documents\GitHub\mahtak\server\vendor\laravel\framework\src\Illuminate\Routing\Pipeline.php(33): Illuminate\Pipeline\Pipeline->Illuminate\Pipeline\{closure}(Object(Illuminate\Http\Request))
#21 C:\Users\Mohsen\Documents\GitHub\mahtak\server\vendor\laravel\framework\src\Illuminate\View\Middleware\ShareErrorsFromSession.php(49): Illuminate\Routing\Pipeline->Illuminate\Routing\{closure}(Object(Illuminate\Http\Request))
#22 C:\Users\Mohsen\Documents\GitHub\mahtak\server\vendor\laravel\framework\src\Illuminate\Pipeline\Pipeline.php(137): Illuminate\View\Middleware\ShareErrorsFromSession->handle(Object(Illuminate\Http\Request), Object(Closure))
#23 C:\Users\Mohsen\Documents\GitHub\mahtak\server\vendor\laravel\framework\src\Illuminate\Routing\Pipeline.php(33): Illuminate\Pipeline\Pipeline->Illuminate\Pipeline\{closure}(Object(Illuminate\Http\Request))
#24 C:\Users\Mohsen\Documents\GitHub\mahtak\server\vendor\laravel\framework\src\Illuminate\Session\Middleware\StartSession.php(64): Illuminate\Routing\Pipeline->Illuminate\Routing\{closure}(Object(Illuminate\Http\Request))
#25 C:\Users\Mohsen\Documents\GitHub\mahtak\server\vendor\laravel\framework\src\Illuminate\Pipeline\Pipeline.php(137): Illuminate\Session\Middleware\StartSession->handle(Object(Illuminate\Http\Request), Object(Closure))
#26 C:\Users\Mohsen\Documents\GitHub\mahtak\server\vendor\laravel\framework\src\Illuminate\Routing\Pipeline.php(33): Illuminate\Pipeline\Pipeline->Illuminate\Pipeline\{closure}(Object(Illuminate\Http\Request))
#27 C:\Users\Mohsen\Documents\GitHub\mahtak\server\vendor\laravel\framework\src\Illuminate\Cookie\Middleware\AddQueuedCookiesToResponse.php(37): Illuminate\Routing\Pipeline->Illuminate\Routing\{closure}(Object(Illuminate\Http\Request))
#28 C:\Users\Mohsen\Documents\GitHub\mahtak\server\vendor\laravel\framework\src\Illuminate\Pipeline\Pipeline.php(137): Illuminate\Cookie\Middleware\AddQueuedCookiesToResponse->handle(Object(Illuminate\Http\Request), Object(Closure))
#29 C:\Users\Mohsen\Documents\GitHub\mahtak\server\vendor\laravel\framework\src\Illuminate\Routing\Pipeline.php(33): Illuminate\Pipeline\Pipeline->Illuminate\Pipeline\{closure}(Object(Illuminate\Http\Request))
#30 C:\Users\Mohsen\Documents\GitHub\mahtak\server\vendor\laravel\framework\src\Illuminate\Cookie\Middleware\EncryptCookies.php(59): Illuminate\Routing\Pipeline->Illuminate\Routing\{closure}(Object(Illuminate\Http\Request))
#31 C:\Users\Mohsen\Documents\GitHub\mahtak\server\vendor\laravel\framework\src\Illuminate\Pipeline\Pipeline.php(137): Illuminate\Cookie\Middleware\EncryptCookies->handle(Object(Illuminate\Http\Request), Object(Closure))
#32 C:\Users\Mohsen\Documents\GitHub\mahtak\server\vendor\laravel\framework\src\Illuminate\Routing\Pipeline.php(33): Illuminate\Pipeline\Pipeline->Illuminate\Pipeline\{closure}(Object(Illuminate\Http\Request))
#33 C:\Users\Mohsen\Documents\GitHub\mahtak\server\vendor\laravel\framework\src\Illuminate\Pipeline\Pipeline.php(104): Illuminate\Routing\Pipeline->Illuminate\Routing\{closure}(Object(Illuminate\Http\Request))
#34 C:\Users\Mohsen\Documents\GitHub\mahtak\server\vendor\laravel\framework\src\Illuminate\Routing\Router.php(644): Illuminate\Pipeline\Pipeline->then(Object(Closure))
#35 C:\Users\Mohsen\Documents\GitHub\mahtak\server\vendor\laravel\framework\src\Illuminate\Routing\Router.php(618): Illuminate\Routing\Router->runRouteWithinStack(Object(Illuminate\Routing\Route), Object(Illuminate\Http\Request))
#36 C:\Users\Mohsen\Documents\GitHub\mahtak\server\vendor\laravel\framework\src\Illuminate\Routing\Router.php(596): Illuminate\Routing\Router->dispatchToRoute(Object(Illuminate\Http\Request))
#37 C:\Users\Mohsen\Documents\GitHub\mahtak\server\vendor\laravel\framework\src\Illuminate\Foundation\Http\Kernel.php(267): Illuminate\Routing\Router->dispatch(Object(Illuminate\Http\Request))
#38 C:\Users\Mohsen\Documents\GitHub\mahtak\server\vendor\laravel\framework\src\Illuminate\Routing\Pipeline.php(53): Illuminate\Foundation\Http\Kernel->Illuminate\Foundation\Http\{closure}(Object(Illuminate\Http\Request))
#39 C:\Users\Mohsen\Documents\GitHub\mahtak\server\vendor\laravel\framework\src\Illuminate\Foundation\Http\Middleware\CheckForMaintenanceMode.php(46): Illuminate\Routing\Pipeline->Illuminate\Routing\{closure}(Object(Illuminate\Http\Request))
#40 C:\Users\Mohsen\Documents\GitHub\mahtak\server\vendor\laravel\framework\src\Illuminate\Pipeline\Pipeline.php(137): Illuminate\Foundation\Http\Middleware\CheckForMaintenanceMode->handle(Object(Illuminate\Http\Request), Object(Closure))
#41 C:\Users\Mohsen\Documents\GitHub\mahtak\server\vendor\laravel\framework\src\Illuminate\Routing\Pipeline.php(33): Illuminate\Pipeline\Pipeline->Illuminate\Pipeline\{closure}(Object(Illuminate\Http\Request))
#42 C:\Users\Mohsen\Documents\GitHub\mahtak\server\vendor\laravel\framework\src\Illuminate\Pipeline\Pipeline.php(104): Illuminate\Routing\Pipeline->Illuminate\Routing\{closure}(Object(Illuminate\Http\Request))
#43 C:\Users\Mohsen\Documents\GitHub\mahtak\server\vendor\laravel\framework\src\Illuminate\Foundation\Http\Kernel.php(149): Illuminate\Pipeline\Pipeline->then(Object(Closure))
#44 C:\Users\Mohsen\Documents\GitHub\mahtak\server\vendor\laravel\framework\src\Illuminate\Foundation\Http\Kernel.php(116): Illuminate\Foundation\Http\Kernel->sendRequestThroughRouter(Object(Illuminate\Http\Request))
#45 C:\Users\Mohsen\Documents\GitHub\mahtak\server\public\index.php(53): Illuminate\Foundation\Http\Kernel->handle(Object(Illuminate\Http\Request))
#46 C:\Users\Mohsen\Documents\GitHub\mahtak\server\server.php(21): require_once('C:\\Users\\Mohsen...')
#47 {main}  
[2016-10-17 12:40:49] local.ERROR: PDOException: SQLSTATE[42S02]: Base table or view not found: 1146 Table 'analytics_data.data' doesn't exist in C:\Users\Mohsen\Documents\GitHub\mahtak\server\vendor\laravel\framework\src\Illuminate\Database\Connection.php:476
Stack trace:
#0 C:\Users\Mohsen\Documents\GitHub\mahtak\server\vendor\laravel\framework\src\Illuminate\Database\Connection.php(476): PDO->prepare('insert into `da...')
#1 C:\Users\Mohsen\Documents\GitHub\mahtak\server\vendor\laravel\framework\src\Illuminate\Database\Connection.php(754): Illuminate\Database\Connection->Illuminate\Database\{closure}(Object(Illuminate\Database\MySqlConnection), 'insert into `da...', Array)
#2 C:\Users\Mohsen\Documents\GitHub\mahtak\server\vendor\laravel\framework\src\Illuminate\Database\Connection.php(717): Illuminate\Database\Connection->runQueryCallback('insert into `da...', Array, Object(Closure))
#3 C:\Users\Mohsen\Documents\GitHub\mahtak\server\vendor\laravel\framework\src\Illuminate\Database\Connection.php(481): Illuminate\Database\Connection->run('insert into `da...', Array, Object(Closure))
#4 C:\Users\Mohsen\Documents\GitHub\mahtak\server\vendor\laravel\framework\src\Illuminate\Database\Connection.php(435): Illuminate\Database\Connection->statement('insert into `da...', Array)
#5 C:\Users\Mohsen\Documents\GitHub\mahtak\server\vendor\laravel\framework\src\Illuminate\Database\Query\Processors\Processor.php(32): Illuminate\Database\Connection->insert('insert into `da...', Array)
#6 C:\Users\Mohsen\Documents\GitHub\mahtak\server\vendor\laravel\framework\src\Illuminate\Database\Query\Builder.php(2142): Illuminate\Database\Query\Processors\Processor->processInsertGetId(Object(Illuminate\Database\Query\Builder), 'insert into `da...', Array, 'id')
#7 [internal function]: Illuminate\Database\Query\Builder->insertGetId(Array, 'id')
#8 C:\Users\Mohsen\Documents\GitHub\mahtak\server\vendor\laravel\framework\src\Illuminate\Database\Eloquent\Builder.php(1435): call_user_func_array(Array, Array)
#9 C:\Users\Mohsen\Documents\GitHub\mahtak\server\vendor\laravel\framework\src\Illuminate\Database\Eloquent\Model.php(1607): Illuminate\Database\Eloquent\Builder->__call('insertGetId', Array)
#10 C:\Users\Mohsen\Documents\GitHub\mahtak\server\vendor\laravel\framework\src\Illuminate\Database\Eloquent\Model.php(1576): Illuminate\Database\Eloquent\Model->insertAndSetId(Object(Illuminate\Database\Eloquent\Builder), Array)
#11 C:\Users\Mohsen\Documents\GitHub\mahtak\server\vendor\laravel\framework\src\Illuminate\Database\Eloquent\Model.php(1472): Illuminate\Database\Eloquent\Model->performInsert(Object(Illuminate\Database\Eloquent\Builder))
#12 C:\Users\Mohsen\Documents\GitHub\mahtak\server\app\Http\Controllers\DataController.php(20): Illuminate\Database\Eloquent\Model->save()
#13 [internal function]: App\Http\Controllers\DataController->store(Object(Illuminate\Http\Request))
#14 C:\Users\Mohsen\Documents\GitHub\mahtak\server\vendor\laravel\framework\src\Illuminate\Routing\Controller.php(55): call_user_func_array(Array, Array)
#15 C:\Users\Mohsen\Documents\GitHub\mahtak\server\vendor\laravel\framework\src\Illuminate\Routing\ControllerDispatcher.php(44): Illuminate\Routing\Controller->callAction('store', Array)
#16 C:\Users\Mohsen\Documents\GitHub\mahtak\server\vendor\laravel\framework\src\Illuminate\Routing\Route.php(189): Illuminate\Routing\ControllerDispatcher->dispatch(Object(Illuminate\Routing\Route), Object(App\Http\Controllers\DataController), 'store')
#17 C:\Users\Mohsen\Documents\GitHub\mahtak\server\vendor\laravel\framework\src\Illuminate\Routing\Route.php(144): Illuminate\Routing\Route->runController()
#18 C:\Users\Mohsen\Documents\GitHub\mahtak\server\vendor\laravel\framework\src\Illuminate\Routing\Router.php(642): Illuminate\Routing\Route->run(Object(Illuminate\Http\Request))
#19 C:\Users\Mohsen\Documents\GitHub\mahtak\server\vendor\laravel\framework\src\Illuminate\Routing\Pipeline.php(53): Illuminate\Routing\Router->Illuminate\Routing\{closure}(Object(Illuminate\Http\Request))
#20 C:\Users\Mohsen\Documents\GitHub\mahtak\server\vendor\laravel\framework\src\Illuminate\Routing\Middleware\SubstituteBindings.php(41): Illuminate\Routing\Pipeline->Illuminate\Routing\{closure}(Object(Illuminate\Http\Request))
#21 C:\Users\Mohsen\Documents\GitHub\mahtak\server\vendor\laravel\framework\src\Illuminate\Pipeline\Pipeline.php(137): Illuminate\Routing\Middleware\SubstituteBindings->handle(Object(Illuminate\Http\Request), Object(Closure))
#22 C:\Users\Mohsen\Documents\GitHub\mahtak\server\vendor\laravel\framework\src\Illuminate\Routing\Pipeline.php(33): Illuminate\Pipeline\Pipeline->Illuminate\Pipeline\{closure}(Object(Illuminate\Http\Request))
#23 C:\Users\Mohsen\Documents\GitHub\mahtak\server\vendor\laravel\framework\src\Illuminate\View\Middleware\ShareErrorsFromSession.php(49): Illuminate\Routing\Pipeline->Illuminate\Routing\{closure}(Object(Illuminate\Http\Request))
#24 C:\Users\Mohsen\Documents\GitHub\mahtak\server\vendor\laravel\framework\src\Illuminate\Pipeline\Pipeline.php(137): Illuminate\View\Middleware\ShareErrorsFromSession->handle(Object(Illuminate\Http\Request), Object(Closure))
#25 C:\Users\Mohsen\Documents\GitHub\mahtak\server\vendor\laravel\framework\src\Illuminate\Routing\Pipeline.php(33): Illuminate\Pipeline\Pipeline->Illuminate\Pipeline\{closure}(Object(Illuminate\Http\Request))
#26 C:\Users\Mohsen\Documents\GitHub\mahtak\server\vendor\laravel\framework\src\Illuminate\Session\Middleware\StartSession.php(64): Illuminate\Routing\Pipeline->Illuminate\Routing\{closure}(Object(Illuminate\Http\Request))
#27 C:\Users\Mohsen\Documents\GitHub\mahtak\server\vendor\laravel\framework\src\Illuminate\Pipeline\Pipeline.php(137): Illuminate\Session\Middleware\StartSession->handle(Object(Illuminate\Http\Request), Object(Closure))
#28 C:\Users\Mohsen\Documents\GitHub\mahtak\server\vendor\laravel\framework\src\Illuminate\Routing\Pipeline.php(33): Illuminate\Pipeline\Pipeline->Illuminate\Pipeline\{closure}(Object(Illuminate\Http\Request))
#29 C:\Users\Mohsen\Documents\GitHub\mahtak\server\vendor\laravel\framework\src\Illuminate\Cookie\Middleware\AddQueuedCookiesToResponse.php(37): Illuminate\Routing\Pipeline->Illuminate\Routing\{closure}(Object(Illuminate\Http\Request))
#30 C:\Users\Mohsen\Documents\GitHub\mahtak\server\vendor\laravel\framework\src\Illuminate\Pipeline\Pipeline.php(137): Illuminate\Cookie\Middleware\AddQueuedCookiesToResponse->handle(Object(Illuminate\Http\Request), Object(Closure))
#31 C:\Users\Mohsen\Documents\GitHub\mahtak\server\vendor\laravel\framework\src\Illuminate\Routing\Pipeline.php(33): Illuminate\Pipeline\Pipeline->Illuminate\Pipeline\{closure}(Object(Illuminate\Http\Request))
#32 C:\Users\Mohsen\Documents\GitHub\mahtak\server\vendor\laravel\framework\src\Illuminate\Cookie\Middleware\EncryptCookies.php(59): Illuminate\Routing\Pipeline->Illuminate\Routing\{closure}(Object(Illuminate\Http\Request))
#33 C:\Users\Mohsen\Documents\GitHub\mahtak\server\vendor\laravel\framework\src\Illuminate\Pipeline\Pipeline.php(137): Illuminate\Cookie\Middleware\EncryptCookies->handle(Object(Illuminate\Http\Request), Object(Closure))
#34 C:\Users\Mohsen\Documents\GitHub\mahtak\server\vendor\laravel\framework\src\Illuminate\Routing\Pipeline.php(33): Illuminate\Pipeline\Pipeline->Illuminate\Pipeline\{closure}(Object(Illuminate\Http\Request))
#35 C:\Users\Mohsen\Documents\GitHub\mahtak\server\vendor\laravel\framework\src\Illuminate\Pipeline\Pipeline.php(104): Illuminate\Routing\Pipeline->Illuminate\Routing\{closure}(Object(Illuminate\Http\Request))
#36 C:\Users\Mohsen\Documents\GitHub\mahtak\server\vendor\laravel\framework\src\Illuminate\Routing\Router.php(644): Illuminate\Pipeline\Pipeline->then(Object(Closure))
#37 C:\Users\Mohsen\Documents\GitHub\mahtak\server\vendor\laravel\framework\src\Illuminate\Routing\Router.php(618): Illuminate\Routing\Router->runRouteWithinStack(Object(Illuminate\Routing\Route), Object(Illuminate\Http\Request))
#38 C:\Users\Mohsen\Documents\GitHub\mahtak\server\vendor\laravel\framework\src\Illuminate\Routing\Router.php(596): Illuminate\Routing\Router->dispatchToRoute(Object(Illuminate\Http\Request))
#39 C:\Users\Mohsen\Documents\GitHub\mahtak\server\vendor\laravel\framework\src\Illuminate\Foundation\Http\Kernel.php(267): Illuminate\Routing\Router->dispatch(Object(Illuminate\Http\Request))
#40 C:\Users\Mohsen\Documents\GitHub\mahtak\server\vendor\laravel\framework\src\Illuminate\Routing\Pipeline.php(53): Illuminate\Foundation\Http\Kernel->Illuminate\Foundation\Http\{closure}(Object(Illuminate\Http\Request))
#41 C:\Users\Mohsen\Documents\GitHub\mahtak\server\vendor\laravel\framework\src\Illuminate\Foundation\Http\Middleware\CheckForMaintenanceMode.php(46): Illuminate\Routing\Pipeline->Illuminate\Routing\{closure}(Object(Illuminate\Http\Request))
#42 C:\Users\Mohsen\Documents\GitHub\mahtak\server\vendor\laravel\framework\src\Illuminate\Pipeline\Pipeline.php(137): Illuminate\Foundation\Http\Middleware\CheckForMaintenanceMode->handle(Object(Illuminate\Http\Request), Object(Closure))
#43 C:\Users\Mohsen\Documents\GitHub\mahtak\server\vendor\laravel\framework\src\Illuminate\Routing\Pipeline.php(33): Illuminate\Pipeline\Pipeline->Illuminate\Pipeline\{closure}(Object(Illuminate\Http\Request))
#44 C:\Users\Mohsen\Documents\GitHub\mahtak\server\vendor\laravel\framework\src\Illuminate\Pipeline\Pipeline.php(104): Illuminate\Routing\Pipeline->Illuminate\Routing\{closure}(Object(Illuminate\Http\Request))
#45 C:\Users\Mohsen\Documents\GitHub\mahtak\server\vendor\laravel\framework\src\Illuminate\Foundation\Http\Kernel.php(149): Illuminate\Pipeline\Pipeline->then(Object(Closure))
#46 C:\Users\Mohsen\Documents\GitHub\mahtak\server\vendor\laravel\framework\src\Illuminate\Foundation\Http\Kernel.php(116): Illuminate\Foundation\Http\Kernel->sendRequestThroughRouter(Object(Illuminate\Http\Request))
#47 C:\Users\Mohsen\Documents\GitHub\mahtak\server\public\index.php(53): Illuminate\Foundation\Http\Kernel->handle(Object(Illuminate\Http\Request))
#48 C:\Users\Mohsen\Documents\GitHub\mahtak\server\server.php(21): require_once('C:\\Users\\Mohsen...')
#49 {main}

Next Illuminate\Database\QueryException: SQLSTATE[42S02]: Base table or view not found: 1146 Table 'analytics_data.data' doesn't exist (SQL: insert into `data` (`startdate`, `enddate`, `updated_at`, `created_at`) values (2016-10-08, 2016-10-16, 2016-10-17 12:40:49, 2016-10-17 12:40:49)) in C:\Users\Mohsen\Documents\GitHub\mahtak\server\vendor\laravel\framework\src\Illuminate\Database\Connection.php:761
Stack trace:
#0 C:\Users\Mohsen\Documents\GitHub\mahtak\server\vendor\laravel\framework\src\Illuminate\Database\Connection.php(717): Illuminate\Database\Connection->runQueryCallback('insert into `da...', Array, Object(Closure))
#1 C:\Users\Mohsen\Documents\GitHub\mahtak\server\vendor\laravel\framework\src\Illuminate\Database\Connection.php(481): Illuminate\Database\Connection->run('insert into `da...', Array, Object(Closure))
#2 C:\Users\Mohsen\Documents\GitHub\mahtak\server\vendor\laravel\framework\src\Illuminate\Database\Connection.php(435): Illuminate\Database\Connection->statement('insert into `da...', Array)
#3 C:\Users\Mohsen\Documents\GitHub\mahtak\server\vendor\laravel\framework\src\Illuminate\Database\Query\Processors\Processor.php(32): Illuminate\Database\Connection->insert('insert into `da...', Array)
#4 C:\Users\Mohsen\Documents\GitHub\mahtak\server\vendor\laravel\framework\src\Illuminate\Database\Query\Builder.php(2142): Illuminate\Database\Query\Processors\Processor->processInsertGetId(Object(Illuminate\Database\Query\Builder), 'insert into `da...', Array, 'id')
#5 [internal function]: Illuminate\Database\Query\Builder->insertGetId(Array, 'id')
#6 C:\Users\Mohsen\Documents\GitHub\mahtak\server\vendor\laravel\framework\src\Illuminate\Database\Eloquent\Builder.php(1435): call_user_func_array(Array, Array)
#7 C:\Users\Mohsen\Documents\GitHub\mahtak\server\vendor\laravel\framework\src\Illuminate\Database\Eloquent\Model.php(1607): Illuminate\Database\Eloquent\Builder->__call('insertGetId', Array)
#8 C:\Users\Mohsen\Documents\GitHub\mahtak\server\vendor\laravel\framework\src\Illuminate\Database\Eloquent\Model.php(1576): Illuminate\Database\Eloquent\Model->insertAndSetId(Object(Illuminate\Database\Eloquent\Builder), Array)
#9 C:\Users\Mohsen\Documents\GitHub\mahtak\server\vendor\laravel\framework\src\Illuminate\Database\Eloquent\Model.php(1472): Illuminate\Database\Eloquent\Model->performInsert(Object(Illuminate\Database\Eloquent\Builder))
#10 C:\Users\Mohsen\Documents\GitHub\mahtak\server\app\Http\Controllers\DataController.php(20): Illuminate\Database\Eloquent\Model->save()
#11 [internal function]: App\Http\Controllers\DataController->store(Object(Illuminate\Http\Request))
#12 C:\Users\Mohsen\Documents\GitHub\mahtak\server\vendor\laravel\framework\src\Illuminate\Routing\Controller.php(55): call_user_func_array(Array, Array)
#13 C:\Users\Mohsen\Documents\GitHub\mahtak\server\vendor\laravel\framework\src\Illuminate\Routing\ControllerDispatcher.php(44): Illuminate\Routing\Controller->callAction('store', Array)
#14 C:\Users\Mohsen\Documents\GitHub\mahtak\server\vendor\laravel\framework\src\Illuminate\Routing\Route.php(189): Illuminate\Routing\ControllerDispatcher->dispatch(Object(Illuminate\Routing\Route), Object(App\Http\Controllers\DataController), 'store')
#15 C:\Users\Mohsen\Documents\GitHub\mahtak\server\vendor\laravel\framework\src\Illuminate\Routing\Route.php(144): Illuminate\Routing\Route->runController()
#16 C:\Users\Mohsen\Documents\GitHub\mahtak\server\vendor\laravel\framework\src\Illuminate\Routing\Router.php(642): Illuminate\Routing\Route->run(Object(Illuminate\Http\Request))
#17 C:\Users\Mohsen\Documents\GitHub\mahtak\server\vendor\laravel\framework\src\Illuminate\Routing\Pipeline.php(53): Illuminate\Routing\Router->Illuminate\Routing\{closure}(Object(Illuminate\Http\Request))
#18 C:\Users\Mohsen\Documents\GitHub\mahtak\server\vendor\laravel\framework\src\Illuminate\Routing\Middleware\SubstituteBindings.php(41): Illuminate\Routing\Pipeline->Illuminate\Routing\{closure}(Object(Illuminate\Http\Request))
#19 C:\Users\Mohsen\Documents\GitHub\mahtak\server\vendor\laravel\framework\src\Illuminate\Pipeline\Pipeline.php(137): Illuminate\Routing\Middleware\SubstituteBindings->handle(Object(Illuminate\Http\Request), Object(Closure))
#20 C:\Users\Mohsen\Documents\GitHub\mahtak\server\vendor\laravel\framework\src\Illuminate\Routing\Pipeline.php(33): Illuminate\Pipeline\Pipeline->Illuminate\Pipeline\{closure}(Object(Illuminate\Http\Request))
#21 C:\Users\Mohsen\Documents\GitHub\mahtak\server\vendor\laravel\framework\src\Illuminate\View\Middleware\ShareErrorsFromSession.php(49): Illuminate\Routing\Pipeline->Illuminate\Routing\{closure}(Object(Illuminate\Http\Request))
#22 C:\Users\Mohsen\Documents\GitHub\mahtak\server\vendor\laravel\framework\src\Illuminate\Pipeline\Pipeline.php(137): Illuminate\View\Middleware\ShareErrorsFromSession->handle(Object(Illuminate\Http\Request), Object(Closure))
#23 C:\Users\Mohsen\Documents\GitHub\mahtak\server\vendor\laravel\framework\src\Illuminate\Routing\Pipeline.php(33): Illuminate\Pipeline\Pipeline->Illuminate\Pipeline\{closure}(Object(Illuminate\Http\Request))
#24 C:\Users\Mohsen\Documents\GitHub\mahtak\server\vendor\laravel\framework\src\Illuminate\Session\Middleware\StartSession.php(64): Illuminate\Routing\Pipeline->Illuminate\Routing\{closure}(Object(Illuminate\Http\Request))
#25 C:\Users\Mohsen\Documents\GitHub\mahtak\server\vendor\laravel\framework\src\Illuminate\Pipeline\Pipeline.php(137): Illuminate\Session\Middleware\StartSession->handle(Object(Illuminate\Http\Request), Object(Closure))
#26 C:\Users\Mohsen\Documents\GitHub\mahtak\server\vendor\laravel\framework\src\Illuminate\Routing\Pipeline.php(33): Illuminate\Pipeline\Pipeline->Illuminate\Pipeline\{closure}(Object(Illuminate\Http\Request))
#27 C:\Users\Mohsen\Documents\GitHub\mahtak\server\vendor\laravel\framework\src\Illuminate\Cookie\Middleware\AddQueuedCookiesToResponse.php(37): Illuminate\Routing\Pipeline->Illuminate\Routing\{closure}(Object(Illuminate\Http\Request))
#28 C:\Users\Mohsen\Documents\GitHub\mahtak\server\vendor\laravel\framework\src\Illuminate\Pipeline\Pipeline.php(137): Illuminate\Cookie\Middleware\AddQueuedCookiesToResponse->handle(Object(Illuminate\Http\Request), Object(Closure))
#29 C:\Users\Mohsen\Documents\GitHub\mahtak\server\vendor\laravel\framework\src\Illuminate\Routing\Pipeline.php(33): Illuminate\Pipeline\Pipeline->Illuminate\Pipeline\{closure}(Object(Illuminate\Http\Request))
#30 C:\Users\Mohsen\Documents\GitHub\mahtak\server\vendor\laravel\framework\src\Illuminate\Cookie\Middleware\EncryptCookies.php(59): Illuminate\Routing\Pipeline->Illuminate\Routing\{closure}(Object(Illuminate\Http\Request))
#31 C:\Users\Mohsen\Documents\GitHub\mahtak\server\vendor\laravel\framework\src\Illuminate\Pipeline\Pipeline.php(137): Illuminate\Cookie\Middleware\EncryptCookies->handle(Object(Illuminate\Http\Request), Object(Closure))
#32 C:\Users\Mohsen\Documents\GitHub\mahtak\server\vendor\laravel\framework\src\Illuminate\Routing\Pipeline.php(33): Illuminate\Pipeline\Pipeline->Illuminate\Pipeline\{closure}(Object(Illuminate\Http\Request))
#33 C:\Users\Mohsen\Documents\GitHub\mahtak\server\vendor\laravel\framework\src\Illuminate\Pipeline\Pipeline.php(104): Illuminate\Routing\Pipeline->Illuminate\Routing\{closure}(Object(Illuminate\Http\Request))
#34 C:\Users\Mohsen\Documents\GitHub\mahtak\server\vendor\laravel\framework\src\Illuminate\Routing\Router.php(644): Illuminate\Pipeline\Pipeline->then(Object(Closure))
#35 C:\Users\Mohsen\Documents\GitHub\mahtak\server\vendor\laravel\framework\src\Illuminate\Routing\Router.php(618): Illuminate\Routing\Router->runRouteWithinStack(Object(Illuminate\Routing\Route), Object(Illuminate\Http\Request))
#36 C:\Users\Mohsen\Documents\GitHub\mahtak\server\vendor\laravel\framework\src\Illuminate\Routing\Router.php(596): Illuminate\Routing\Router->dispatchToRoute(Object(Illuminate\Http\Request))
#37 C:\Users\Mohsen\Documents\GitHub\mahtak\server\vendor\laravel\framework\src\Illuminate\Foundation\Http\Kernel.php(267): Illuminate\Routing\Router->dispatch(Object(Illuminate\Http\Request))
#38 C:\Users\Mohsen\Documents\GitHub\mahtak\server\vendor\laravel\framework\src\Illuminate\Routing\Pipeline.php(53): Illuminate\Foundation\Http\Kernel->Illuminate\Foundation\Http\{closure}(Object(Illuminate\Http\Request))
#39 C:\Users\Mohsen\Documents\GitHub\mahtak\server\vendor\laravel\framework\src\Illuminate\Foundation\Http\Middleware\CheckForMaintenanceMode.php(46): Illuminate\Routing\Pipeline->Illuminate\Routing\{closure}(Object(Illuminate\Http\Request))
#40 C:\Users\Mohsen\Documents\GitHub\mahtak\server\vendor\laravel\framework\src\Illuminate\Pipeline\Pipeline.php(137): Illuminate\Foundation\Http\Middleware\CheckForMaintenanceMode->handle(Object(Illuminate\Http\Request), Object(Closure))
#41 C:\Users\Mohsen\Documents\GitHub\mahtak\server\vendor\laravel\framework\src\Illuminate\Routing\Pipeline.php(33): Illuminate\Pipeline\Pipeline->Illuminate\Pipeline\{closure}(Object(Illuminate\Http\Request))
#42 C:\Users\Mohsen\Documents\GitHub\mahtak\server\vendor\laravel\framework\src\Illuminate\Pipeline\Pipeline.php(104): Illuminate\Routing\Pipeline->Illuminate\Routing\{closure}(Object(Illuminate\Http\Request))
#43 C:\Users\Mohsen\Documents\GitHub\mahtak\server\vendor\laravel\framework\src\Illuminate\Foundation\Http\Kernel.php(149): Illuminate\Pipeline\Pipeline->then(Object(Closure))
#44 C:\Users\Mohsen\Documents\GitHub\mahtak\server\vendor\laravel\framework\src\Illuminate\Foundation\Http\Kernel.php(116): Illuminate\Foundation\Http\Kernel->sendRequestThroughRouter(Object(Illuminate\Http\Request))
#45 C:\Users\Mohsen\Documents\GitHub\mahtak\server\public\index.php(53): Illuminate\Foundation\Http\Kernel->handle(Object(Illuminate\Http\Request))
#46 C:\Users\Mohsen\Documents\GitHub\mahtak\server\server.php(21): require_once('C:\\Users\\Mohsen...')
#47 {main}  
[2016-10-17 12:45:02] local.ERROR: PDOException: SQLSTATE[42S02]: Base table or view not found: 1146 Table 'analytics_data.data' doesn't exist in C:\Users\Mohsen\Documents\GitHub\mahtak\server\vendor\laravel\framework\src\Illuminate\Database\Connection.php:476
Stack trace:
#0 C:\Users\Mohsen\Documents\GitHub\mahtak\server\vendor\laravel\framework\src\Illuminate\Database\Connection.php(476): PDO->prepare('insert into `da...')
#1 C:\Users\Mohsen\Documents\GitHub\mahtak\server\vendor\laravel\framework\src\Illuminate\Database\Connection.php(754): Illuminate\Database\Connection->Illuminate\Database\{closure}(Object(Illuminate\Database\MySqlConnection), 'insert into `da...', Array)
#2 C:\Users\Mohsen\Documents\GitHub\mahtak\server\vendor\laravel\framework\src\Illuminate\Database\Connection.php(717): Illuminate\Database\Connection->runQueryCallback('insert into `da...', Array, Object(Closure))
#3 C:\Users\Mohsen\Documents\GitHub\mahtak\server\vendor\laravel\framework\src\Illuminate\Database\Connection.php(481): Illuminate\Database\Connection->run('insert into `da...', Array, Object(Closure))
#4 C:\Users\Mohsen\Documents\GitHub\mahtak\server\vendor\laravel\framework\src\Illuminate\Database\Connection.php(435): Illuminate\Database\Connection->statement('insert into `da...', Array)
#5 C:\Users\Mohsen\Documents\GitHub\mahtak\server\vendor\laravel\framework\src\Illuminate\Database\Query\Processors\Processor.php(32): Illuminate\Database\Connection->insert('insert into `da...', Array)
#6 C:\Users\Mohsen\Documents\GitHub\mahtak\server\vendor\laravel\framework\src\Illuminate\Database\Query\Builder.php(2142): Illuminate\Database\Query\Processors\Processor->processInsertGetId(Object(Illuminate\Database\Query\Builder), 'insert into `da...', Array, 'id')
#7 [internal function]: Illuminate\Database\Query\Builder->insertGetId(Array, 'id')
#8 C:\Users\Mohsen\Documents\GitHub\mahtak\server\vendor\laravel\framework\src\Illuminate\Database\Eloquent\Builder.php(1435): call_user_func_array(Array, Array)
#9 C:\Users\Mohsen\Documents\GitHub\mahtak\server\vendor\laravel\framework\src\Illuminate\Database\Eloquent\Model.php(1607): Illuminate\Database\Eloquent\Builder->__call('insertGetId', Array)
#10 C:\Users\Mohsen\Documents\GitHub\mahtak\server\vendor\laravel\framework\src\Illuminate\Database\Eloquent\Model.php(1576): Illuminate\Database\Eloquent\Model->insertAndSetId(Object(Illuminate\Database\Eloquent\Builder), Array)
#11 C:\Users\Mohsen\Documents\GitHub\mahtak\server\vendor\laravel\framework\src\Illuminate\Database\Eloquent\Model.php(1472): Illuminate\Database\Eloquent\Model->performInsert(Object(Illuminate\Database\Eloquent\Builder))
#12 C:\Users\Mohsen\Documents\GitHub\mahtak\server\app\Http\Controllers\DataController.php(20): Illuminate\Database\Eloquent\Model->save()
#13 [internal function]: App\Http\Controllers\DataController->store(Object(Illuminate\Http\Request))
#14 C:\Users\Mohsen\Documents\GitHub\mahtak\server\vendor\laravel\framework\src\Illuminate\Routing\Controller.php(55): call_user_func_array(Array, Array)
#15 C:\Users\Mohsen\Documents\GitHub\mahtak\server\vendor\laravel\framework\src\Illuminate\Routing\ControllerDispatcher.php(44): Illuminate\Routing\Controller->callAction('store', Array)
#16 C:\Users\Mohsen\Documents\GitHub\mahtak\server\vendor\laravel\framework\src\Illuminate\Routing\Route.php(189): Illuminate\Routing\ControllerDispatcher->dispatch(Object(Illuminate\Routing\Route), Object(App\Http\Controllers\DataController), 'store')
#17 C:\Users\Mohsen\Documents\GitHub\mahtak\server\vendor\laravel\framework\src\Illuminate\Routing\Route.php(144): Illuminate\Routing\Route->runController()
#18 C:\Users\Mohsen\Documents\GitHub\mahtak\server\vendor\laravel\framework\src\Illuminate\Routing\Router.php(642): Illuminate\Routing\Route->run(Object(Illuminate\Http\Request))
#19 C:\Users\Mohsen\Documents\GitHub\mahtak\server\vendor\laravel\framework\src\Illuminate\Routing\Pipeline.php(53): Illuminate\Routing\Router->Illuminate\Routing\{closure}(Object(Illuminate\Http\Request))
#20 C:\Users\Mohsen\Documents\GitHub\mahtak\server\vendor\laravel\framework\src\Illuminate\Routing\Middleware\SubstituteBindings.php(41): Illuminate\Routing\Pipeline->Illuminate\Routing\{closure}(Object(Illuminate\Http\Request))
#21 C:\Users\Mohsen\Documents\GitHub\mahtak\server\vendor\laravel\framework\src\Illuminate\Pipeline\Pipeline.php(137): Illuminate\Routing\Middleware\SubstituteBindings->handle(Object(Illuminate\Http\Request), Object(Closure))
#22 C:\Users\Mohsen\Documents\GitHub\mahtak\server\vendor\laravel\framework\src\Illuminate\Routing\Pipeline.php(33): Illuminate\Pipeline\Pipeline->Illuminate\Pipeline\{closure}(Object(Illuminate\Http\Request))
#23 C:\Users\Mohsen\Documents\GitHub\mahtak\server\vendor\laravel\framework\src\Illuminate\View\Middleware\ShareErrorsFromSession.php(49): Illuminate\Routing\Pipeline->Illuminate\Routing\{closure}(Object(Illuminate\Http\Request))
#24 C:\Users\Mohsen\Documents\GitHub\mahtak\server\vendor\laravel\framework\src\Illuminate\Pipeline\Pipeline.php(137): Illuminate\View\Middleware\ShareErrorsFromSession->handle(Object(Illuminate\Http\Request), Object(Closure))
#25 C:\Users\Mohsen\Documents\GitHub\mahtak\server\vendor\laravel\framework\src\Illuminate\Routing\Pipeline.php(33): Illuminate\Pipeline\Pipeline->Illuminate\Pipeline\{closure}(Object(Illuminate\Http\Request))
#26 C:\Users\Mohsen\Documents\GitHub\mahtak\server\vendor\laravel\framework\src\Illuminate\Session\Middleware\StartSession.php(64): Illuminate\Routing\Pipeline->Illuminate\Routing\{closure}(Object(Illuminate\Http\Request))
#27 C:\Users\Mohsen\Documents\GitHub\mahtak\server\vendor\laravel\framework\src\Illuminate\Pipeline\Pipeline.php(137): Illuminate\Session\Middleware\StartSession->handle(Object(Illuminate\Http\Request), Object(Closure))
#28 C:\Users\Mohsen\Documents\GitHub\mahtak\server\vendor\laravel\framework\src\Illuminate\Routing\Pipeline.php(33): Illuminate\Pipeline\Pipeline->Illuminate\Pipeline\{closure}(Object(Illuminate\Http\Request))
#29 C:\Users\Mohsen\Documents\GitHub\mahtak\server\vendor\laravel\framework\src\Illuminate\Cookie\Middleware\AddQueuedCookiesToResponse.php(37): Illuminate\Routing\Pipeline->Illuminate\Routing\{closure}(Object(Illuminate\Http\Request))
#30 C:\Users\Mohsen\Documents\GitHub\mahtak\server\vendor\laravel\framework\src\Illuminate\Pipeline\Pipeline.php(137): Illuminate\Cookie\Middleware\AddQueuedCookiesToResponse->handle(Object(Illuminate\Http\Request), Object(Closure))
#31 C:\Users\Mohsen\Documents\GitHub\mahtak\server\vendor\laravel\framework\src\Illuminate\Routing\Pipeline.php(33): Illuminate\Pipeline\Pipeline->Illuminate\Pipeline\{closure}(Object(Illuminate\Http\Request))
#32 C:\Users\Mohsen\Documents\GitHub\mahtak\server\vendor\laravel\framework\src\Illuminate\Cookie\Middleware\EncryptCookies.php(59): Illuminate\Routing\Pipeline->Illuminate\Routing\{closure}(Object(Illuminate\Http\Request))
#33 C:\Users\Mohsen\Documents\GitHub\mahtak\server\vendor\laravel\framework\src\Illuminate\Pipeline\Pipeline.php(137): Illuminate\Cookie\Middleware\EncryptCookies->handle(Object(Illuminate\Http\Request), Object(Closure))
#34 C:\Users\Mohsen\Documents\GitHub\mahtak\server\vendor\laravel\framework\src\Illuminate\Routing\Pipeline.php(33): Illuminate\Pipeline\Pipeline->Illuminate\Pipeline\{closure}(Object(Illuminate\Http\Request))
#35 C:\Users\Mohsen\Documents\GitHub\mahtak\server\vendor\laravel\framework\src\Illuminate\Pipeline\Pipeline.php(104): Illuminate\Routing\Pipeline->Illuminate\Routing\{closure}(Object(Illuminate\Http\Request))
#36 C:\Users\Mohsen\Documents\GitHub\mahtak\server\vendor\laravel\framework\src\Illuminate\Routing\Router.php(644): Illuminate\Pipeline\Pipeline->then(Object(Closure))
#37 C:\Users\Mohsen\Documents\GitHub\mahtak\server\vendor\laravel\framework\src\Illuminate\Routing\Router.php(618): Illuminate\Routing\Router->runRouteWithinStack(Object(Illuminate\Routing\Route), Object(Illuminate\Http\Request))
#38 C:\Users\Mohsen\Documents\GitHub\mahtak\server\vendor\laravel\framework\src\Illuminate\Routing\Router.php(596): Illuminate\Routing\Router->dispatchToRoute(Object(Illuminate\Http\Request))
#39 C:\Users\Mohsen\Documents\GitHub\mahtak\server\vendor\laravel\framework\src\Illuminate\Foundation\Http\Kernel.php(267): Illuminate\Routing\Router->dispatch(Object(Illuminate\Http\Request))
#40 C:\Users\Mohsen\Documents\GitHub\mahtak\server\vendor\laravel\framework\src\Illuminate\Routing\Pipeline.php(53): Illuminate\Foundation\Http\Kernel->Illuminate\Foundation\Http\{closure}(Object(Illuminate\Http\Request))
#41 C:\Users\Mohsen\Documents\GitHub\mahtak\server\vendor\laravel\framework\src\Illuminate\Foundation\Http\Middleware\CheckForMaintenanceMode.php(46): Illuminate\Routing\Pipeline->Illuminate\Routing\{closure}(Object(Illuminate\Http\Request))
#42 C:\Users\Mohsen\Documents\GitHub\mahtak\server\vendor\laravel\framework\src\Illuminate\Pipeline\Pipeline.php(137): Illuminate\Foundation\Http\Middleware\CheckForMaintenanceMode->handle(Object(Illuminate\Http\Request), Object(Closure))
#43 C:\Users\Mohsen\Documents\GitHub\mahtak\server\vendor\laravel\framework\src\Illuminate\Routing\Pipeline.php(33): Illuminate\Pipeline\Pipeline->Illuminate\Pipeline\{closure}(Object(Illuminate\Http\Request))
#44 C:\Users\Mohsen\Documents\GitHub\mahtak\server\vendor\laravel\framework\src\Illuminate\Pipeline\Pipeline.php(104): Illuminate\Routing\Pipeline->Illuminate\Routing\{closure}(Object(Illuminate\Http\Request))
#45 C:\Users\Mohsen\Documents\GitHub\mahtak\server\vendor\laravel\framework\src\Illuminate\Foundation\Http\Kernel.php(149): Illuminate\Pipeline\Pipeline->then(Object(Closure))
#46 C:\Users\Mohsen\Documents\GitHub\mahtak\server\vendor\laravel\framework\src\Illuminate\Foundation\Http\Kernel.php(116): Illuminate\Foundation\Http\Kernel->sendRequestThroughRouter(Object(Illuminate\Http\Request))
#47 C:\Users\Mohsen\Documents\GitHub\mahtak\server\public\index.php(53): Illuminate\Foundation\Http\Kernel->handle(Object(Illuminate\Http\Request))
#48 C:\Users\Mohsen\Documents\GitHub\mahtak\server\server.php(21): require_once('C:\\Users\\Mohsen...')
#49 {main}

Next Illuminate\Database\QueryException: SQLSTATE[42S02]: Base table or view not found: 1146 Table 'analytics_data.data' doesn't exist (SQL: insert into `data` (`startdate`, `enddate`, `updated_at`, `created_at`) values (2016-10-08, 2016-10-16, 2016-10-17 12:45:02, 2016-10-17 12:45:02)) in C:\Users\Mohsen\Documents\GitHub\mahtak\server\vendor\laravel\framework\src\Illuminate\Database\Connection.php:761
Stack trace:
#0 C:\Users\Mohsen\Documents\GitHub\mahtak\server\vendor\laravel\framework\src\Illuminate\Database\Connection.php(717): Illuminate\Database\Connection->runQueryCallback('insert into `da...', Array, Object(Closure))
#1 C:\Users\Mohsen\Documents\GitHub\mahtak\server\vendor\laravel\framework\src\Illuminate\Database\Connection.php(481): Illuminate\Database\Connection->run('insert into `da...', Array, Object(Closure))
#2 C:\Users\Mohsen\Documents\GitHub\mahtak\server\vendor\laravel\framework\src\Illuminate\Database\Connection.php(435): Illuminate\Database\Connection->statement('insert into `da...', Array)
#3 C:\Users\Mohsen\Documents\GitHub\mahtak\server\vendor\laravel\framework\src\Illuminate\Database\Query\Processors\Processor.php(32): Illuminate\Database\Connection->insert('insert into `da...', Array)
#4 C:\Users\Mohsen\Documents\GitHub\mahtak\server\vendor\laravel\framework\src\Illuminate\Database\Query\Builder.php(2142): Illuminate\Database\Query\Processors\Processor->processInsertGetId(Object(Illuminate\Database\Query\Builder), 'insert into `da...', Array, 'id')
#5 [internal function]: Illuminate\Database\Query\Builder->insertGetId(Array, 'id')
#6 C:\Users\Mohsen\Documents\GitHub\mahtak\server\vendor\laravel\framework\src\Illuminate\Database\Eloquent\Builder.php(1435): call_user_func_array(Array, Array)
#7 C:\Users\Mohsen\Documents\GitHub\mahtak\server\vendor\laravel\framework\src\Illuminate\Database\Eloquent\Model.php(1607): Illuminate\Database\Eloquent\Builder->__call('insertGetId', Array)
#8 C:\Users\Mohsen\Documents\GitHub\mahtak\server\vendor\laravel\framework\src\Illuminate\Database\Eloquent\Model.php(1576): Illuminate\Database\Eloquent\Model->insertAndSetId(Object(Illuminate\Database\Eloquent\Builder), Array)
#9 C:\Users\Mohsen\Documents\GitHub\mahtak\server\vendor\laravel\framework\src\Illuminate\Database\Eloquent\Model.php(1472): Illuminate\Database\Eloquent\Model->performInsert(Object(Illuminate\Database\Eloquent\Builder))
#10 C:\Users\Mohsen\Documents\GitHub\mahtak\server\app\Http\Controllers\DataController.php(20): Illuminate\Database\Eloquent\Model->save()
#11 [internal function]: App\Http\Controllers\DataController->store(Object(Illuminate\Http\Request))
#12 C:\Users\Mohsen\Documents\GitHub\mahtak\server\vendor\laravel\framework\src\Illuminate\Routing\Controller.php(55): call_user_func_array(Array, Array)
#13 C:\Users\Mohsen\Documents\GitHub\mahtak\server\vendor\laravel\framework\src\Illuminate\Routing\ControllerDispatcher.php(44): Illuminate\Routing\Controller->callAction('store', Array)
#14 C:\Users\Mohsen\Documents\GitHub\mahtak\server\vendor\laravel\framework\src\Illuminate\Routing\Route.php(189): Illuminate\Routing\ControllerDispatcher->dispatch(Object(Illuminate\Routing\Route), Object(App\Http\Controllers\DataController), 'store')
#15 C:\Users\Mohsen\Documents\GitHub\mahtak\server\vendor\laravel\framework\src\Illuminate\Routing\Route.php(144): Illuminate\Routing\Route->runController()
#16 C:\Users\Mohsen\Documents\GitHub\mahtak\server\vendor\laravel\framework\src\Illuminate\Routing\Router.php(642): Illuminate\Routing\Route->run(Object(Illuminate\Http\Request))
#17 C:\Users\Mohsen\Documents\GitHub\mahtak\server\vendor\laravel\framework\src\Illuminate\Routing\Pipeline.php(53): Illuminate\Routing\Router->Illuminate\Routing\{closure}(Object(Illuminate\Http\Request))
#18 C:\Users\Mohsen\Documents\GitHub\mahtak\server\vendor\laravel\framework\src\Illuminate\Routing\Middleware\SubstituteBindings.php(41): Illuminate\Routing\Pipeline->Illuminate\Routing\{closure}(Object(Illuminate\Http\Request))
#19 C:\Users\Mohsen\Documents\GitHub\mahtak\server\vendor\laravel\framework\src\Illuminate\Pipeline\Pipeline.php(137): Illuminate\Routing\Middleware\SubstituteBindings->handle(Object(Illuminate\Http\Request), Object(Closure))
#20 C:\Users\Mohsen\Documents\GitHub\mahtak\server\vendor\laravel\framework\src\Illuminate\Routing\Pipeline.php(33): Illuminate\Pipeline\Pipeline->Illuminate\Pipeline\{closure}(Object(Illuminate\Http\Request))
#21 C:\Users\Mohsen\Documents\GitHub\mahtak\server\vendor\laravel\framework\src\Illuminate\View\Middleware\ShareErrorsFromSession.php(49): Illuminate\Routing\Pipeline->Illuminate\Routing\{closure}(Object(Illuminate\Http\Request))
#22 C:\Users\Mohsen\Documents\GitHub\mahtak\server\vendor\laravel\framework\src\Illuminate\Pipeline\Pipeline.php(137): Illuminate\View\Middleware\ShareErrorsFromSession->handle(Object(Illuminate\Http\Request), Object(Closure))
#23 C:\Users\Mohsen\Documents\GitHub\mahtak\server\vendor\laravel\framework\src\Illuminate\Routing\Pipeline.php(33): Illuminate\Pipeline\Pipeline->Illuminate\Pipeline\{closure}(Object(Illuminate\Http\Request))
#24 C:\Users\Mohsen\Documents\GitHub\mahtak\server\vendor\laravel\framework\src\Illuminate\Session\Middleware\StartSession.php(64): Illuminate\Routing\Pipeline->Illuminate\Routing\{closure}(Object(Illuminate\Http\Request))
#25 C:\Users\Mohsen\Documents\GitHub\mahtak\server\vendor\laravel\framework\src\Illuminate\Pipeline\Pipeline.php(137): Illuminate\Session\Middleware\StartSession->handle(Object(Illuminate\Http\Request), Object(Closure))
#26 C:\Users\Mohsen\Documents\GitHub\mahtak\server\vendor\laravel\framework\src\Illuminate\Routing\Pipeline.php(33): Illuminate\Pipeline\Pipeline->Illuminate\Pipeline\{closure}(Object(Illuminate\Http\Request))
#27 C:\Users\Mohsen\Documents\GitHub\mahtak\server\vendor\laravel\framework\src\Illuminate\Cookie\Middleware\AddQueuedCookiesToResponse.php(37): Illuminate\Routing\Pipeline->Illuminate\Routing\{closure}(Object(Illuminate\Http\Request))
#28 C:\Users\Mohsen\Documents\GitHub\mahtak\server\vendor\laravel\framework\src\Illuminate\Pipeline\Pipeline.php(137): Illuminate\Cookie\Middleware\AddQueuedCookiesToResponse->handle(Object(Illuminate\Http\Request), Object(Closure))
#29 C:\Users\Mohsen\Documents\GitHub\mahtak\server\vendor\laravel\framework\src\Illuminate\Routing\Pipeline.php(33): Illuminate\Pipeline\Pipeline->Illuminate\Pipeline\{closure}(Object(Illuminate\Http\Request))
#30 C:\Users\Mohsen\Documents\GitHub\mahtak\server\vendor\laravel\framework\src\Illuminate\Cookie\Middleware\EncryptCookies.php(59): Illuminate\Routing\Pipeline->Illuminate\Routing\{closure}(Object(Illuminate\Http\Request))
#31 C:\Users\Mohsen\Documents\GitHub\mahtak\server\vendor\laravel\framework\src\Illuminate\Pipeline\Pipeline.php(137): Illuminate\Cookie\Middleware\EncryptCookies->handle(Object(Illuminate\Http\Request), Object(Closure))
#32 C:\Users\Mohsen\Documents\GitHub\mahtak\server\vendor\laravel\framework\src\Illuminate\Routing\Pipeline.php(33): Illuminate\Pipeline\Pipeline->Illuminate\Pipeline\{closure}(Object(Illuminate\Http\Request))
#33 C:\Users\Mohsen\Documents\GitHub\mahtak\server\vendor\laravel\framework\src\Illuminate\Pipeline\Pipeline.php(104): Illuminate\Routing\Pipeline->Illuminate\Routing\{closure}(Object(Illuminate\Http\Request))
#34 C:\Users\Mohsen\Documents\GitHub\mahtak\server\vendor\laravel\framework\src\Illuminate\Routing\Router.php(644): Illuminate\Pipeline\Pipeline->then(Object(Closure))
#35 C:\Users\Mohsen\Documents\GitHub\mahtak\server\vendor\laravel\framework\src\Illuminate\Routing\Router.php(618): Illuminate\Routing\Router->runRouteWithinStack(Object(Illuminate\Routing\Route), Object(Illuminate\Http\Request))
#36 C:\Users\Mohsen\Documents\GitHub\mahtak\server\vendor\laravel\framework\src\Illuminate\Routing\Router.php(596): Illuminate\Routing\Router->dispatchToRoute(Object(Illuminate\Http\Request))
#37 C:\Users\Mohsen\Documents\GitHub\mahtak\server\vendor\laravel\framework\src\Illuminate\Foundation\Http\Kernel.php(267): Illuminate\Routing\Router->dispatch(Object(Illuminate\Http\Request))
#38 C:\Users\Mohsen\Documents\GitHub\mahtak\server\vendor\laravel\framework\src\Illuminate\Routing\Pipeline.php(53): Illuminate\Foundation\Http\Kernel->Illuminate\Foundation\Http\{closure}(Object(Illuminate\Http\Request))
#39 C:\Users\Mohsen\Documents\GitHub\mahtak\server\vendor\laravel\framework\src\Illuminate\Foundation\Http\Middleware\CheckForMaintenanceMode.php(46): Illuminate\Routing\Pipeline->Illuminate\Routing\{closure}(Object(Illuminate\Http\Request))
#40 C:\Users\Mohsen\Documents\GitHub\mahtak\server\vendor\laravel\framework\src\Illuminate\Pipeline\Pipeline.php(137): Illuminate\Foundation\Http\Middleware\CheckForMaintenanceMode->handle(Object(Illuminate\Http\Request), Object(Closure))
#41 C:\Users\Mohsen\Documents\GitHub\mahtak\server\vendor\laravel\framework\src\Illuminate\Routing\Pipeline.php(33): Illuminate\Pipeline\Pipeline->Illuminate\Pipeline\{closure}(Object(Illuminate\Http\Request))
#42 C:\Users\Mohsen\Documents\GitHub\mahtak\server\vendor\laravel\framework\src\Illuminate\Pipeline\Pipeline.php(104): Illuminate\Routing\Pipeline->Illuminate\Routing\{closure}(Object(Illuminate\Http\Request))
#43 C:\Users\Mohsen\Documents\GitHub\mahtak\server\vendor\laravel\framework\src\Illuminate\Foundation\Http\Kernel.php(149): Illuminate\Pipeline\Pipeline->then(Object(Closure))
#44 C:\Users\Mohsen\Documents\GitHub\mahtak\server\vendor\laravel\framework\src\Illuminate\Foundation\Http\Kernel.php(116): Illuminate\Foundation\Http\Kernel->sendRequestThroughRouter(Object(Illuminate\Http\Request))
#45 C:\Users\Mohsen\Documents\GitHub\mahtak\server\public\index.php(53): Illuminate\Foundation\Http\Kernel->handle(Object(Illuminate\Http\Request))
#46 C:\Users\Mohsen\Documents\GitHub\mahtak\server\server.php(21): require_once('C:\\Users\\Mohsen...')
#47 {main}  
